11:49:24.403 FINE | Run command: java -Xmx1024m -classpath ../logist/logist.jar logist.LogistPlatform -o tournament/myTournament/auction-AgentBosquillonSomers-Oz.xml -a tournament/myTournament/agents.xml config/auction.xml AgentBosquillonSomers Oz
11:49:24.491 CONFIG | Reading config/auction.xml
11:49:24.540 CONFIG | Reading config/settings_auction.xml
11:49:24.727 CONFIG | Reading config/topology/england.xml
11:49:24.744 CONFIG | Reading tournament/myTournament/agents.xml
11:49:24.763 CONFIG | Reading config/settings_auction.xml
11:49:24.765 CONFIG | TIMEOUT_BID =5050
11:49:24.765 CONFIG | CONFIG 0
11:49:24.765 CONFIG | V0: capa=30, currentCity=Portsmouth
11:49:24.765 CONFIG | V1: capa=30, currentCity=Leeds
11:49:24.765 CONFIG | CONFIG 1
11:49:24.765 CONFIG | V0: capa=21, currentCity=London
11:49:24.765 CONFIG | V1: capa=39, currentCity=Newcastle
11:49:24.765 CONFIG | CONFIG 2
11:49:24.765 CONFIG | V0: capa=12, currentCity=Norwich
11:49:24.765 CONFIG | V1: capa=48, currentCity=Birmingham
11:49:24.766 CONFIG | Maximal Marginal Cost = London to Newcastle with distance = 348.0
11:49:24.767 CONFIG | 
11:49:29.565 CONFIG | ##### MCPT=780.8, bidMin=780.8, bidMax=780.8, bidInterval=0.0, MMC=3480.0
11:49:29.566 CONFIG | Reading config/settings_auction.xml
11:49:29.584 CONFIG | ----- AUCTION AGENT 5 ASK PRICE: T0=(Task 0, 3 kg, 69479 CHF, Cardiff -> Sheffield) id = 0 -----
11:49:30.826 CONFIG | ##### MCPT=780.8, bidMin=780.8, bidMax=780.8, bidInterval=0.0, MMC=3480.0
11:49:30.936 CONFIG | MC1=2191.0, MC2=2016.8333333333333, M1=780.8, M2=780.8, bid=780.8, bidFactor=0.9
11:49:30.936 CONFIG | ratioLowerBound=1.0, ratioUpperBound=0.0
11:49:30.936 CONFIG | ----- AUCTION AGENT 5 : BIDDING TASK 0, Bid = 781, in 1352 sec
11:49:30.937 CONFIG | 
11:49:30.938 CONFIG | Case 1. BID 1008 cost opp 1026
11:49:30.938 CONFIG | Ozuna : -----------------
11:49:30.938 CONFIG | Ozuna : Minimum cost is  : 2766 probability: 0.4394147124783703
11:49:30.938 CONFIG | Ozuna : Min cost opponent: 1026
11:49:30.938 CONFIG | Ozuna : Final bid is     : 923
11:49:30.939 CONFIG | Ozuna : Number of tasks  : 0
11:49:30.939 CONFIG | ----- AuctionResult: T0, agent is 0 -----
11:49:30.939 CONFIG | ##### MCPT=780.8, bidMin=749.568, bidMax=915.76, bidInterval=166.192, MMC=3480.0
11:49:30.939 CONFIG | 
11:49:30.939 CONFIG | ----- AUCTION AGENT 5 ASK PRICE: T1=(Task 1, 3 kg, 47516 CHF, Manchester -> Norwich) id = 0 -----
11:49:32.248 CONFIG | ##### MCPT=780.8, bidMin=749.568, bidMax=915.76, bidInterval=166.192, MMC=3480.0
11:49:32.357 CONFIG | MC1=2382.0, MC2=2319.1666666666665, M1=843.6819245944523, M2=839.9827298036423, bid=841.8323271990473, bidFactor=0.7605633802816901
11:49:32.357 CONFIG | ratioLowerBound=0.96, ratioUpperBound=0.05
11:49:32.357 CONFIG | ----- AUCTION AGENT 5 : BIDDING TASK 1, Bid = 750, in 1418 sec
11:49:32.357 CONFIG | 
11:49:32.357 CONFIG | Bid 0 780
11:49:32.357 CONFIG | Bid 1 923
11:49:32.357 CONFIG | Expenses bank 0 with stategy 1
11:49:32.872 CONFIG | Case 1. BID 994 cost opp 2382
11:49:32.872 CONFIG | Ozuna : -----------------
11:49:32.872 CONFIG | Ozuna : Minimum cost is  : 3279 probability: 0.5572044589952645
11:49:32.872 CONFIG | Ozuna : Min cost opponent: 2382
11:49:32.872 CONFIG | Ozuna : Final bid is     : 994
11:49:32.872 CONFIG | Ozuna : Number of tasks  : 1
11:49:32.872 CONFIG | ----- AuctionResult: T1, agent is 0 -----
11:49:32.873 CONFIG | ##### MCPT=780.8, bidMin=718.336, bidMax=1050.72, bidInterval=332.384, MMC=3480.0
11:49:32.873 CONFIG | 
11:49:32.873 CONFIG | ----- AUCTION AGENT 5 ASK PRICE: T2=(Task 2, 3 kg, 68638 CHF, Cardiff -> Manchester) id = 0 -----
11:49:34.384 CONFIG | ##### MCPT=875.84, bidMin=805.7728000000001, bidMax=1136.256, bidInterval=330.4832, MMC=3480.0
11:49:34.494 CONFIG | MC1=0.0, MC2=2183.1363636363635, M1=805.7728000000001, M2=969.9836377055542, bid=887.8782188527771, bidFactor=0.7959135092243603
11:49:34.494 CONFIG | ratioLowerBound=0.92, ratioUpperBound=0.1
11:49:34.494 CONFIG | ----- AUCTION AGENT 5 : BIDDING TASK 2, Bid = 806, in 1621 sec
11:49:34.494 CONFIG | 
11:49:34.494 CONFIG | Bid 0 749
11:49:34.494 CONFIG | Bid 1 994
11:49:34.494 CONFIG | Expenses bank 0 with stategy 1
11:49:35.006 CONFIG | Case 1. BID 1163 cost opp 0
11:49:35.006 CONFIG | Ozuna : -----------------
11:49:35.006 CONFIG | Ozuna : Minimum cost is  : 2789 probability: 0.3870085577256164
11:49:35.006 CONFIG | Ozuna : Min cost opponent: 0
11:49:35.006 CONFIG | Ozuna : Final bid is     : 0
11:49:35.006 CONFIG | Ozuna : Number of tasks  : 2
11:49:35.006 CONFIG | ----- AuctionResult: T2, agent is 0 -----
11:49:35.006 CONFIG | ##### MCPT=875.84, bidMin=770.7392, bidMax=1266.464, bidInterval=495.72479999999996, MMC=3480.0
11:49:35.006 CONFIG | 
11:49:35.006 CONFIG | ----- AUCTION AGENT 5 ASK PRICE: T3=(Task 3, 3 kg, 55553 CHF, Sheffield -> Portsmouth) id = 0 -----
11:49:36.499 CONFIG | ##### MCPT=780.8, bidMin=687.1039999999999, bidMax=1185.68, bidInterval=498.57600000000014, MMC=3480.0
11:49:36.847 CONFIG | MC1=748.0, MC2=1718.5, M1=736.787810867311, M2=860.1202153471336, bid=798.4540131072223, bidFactor=0.7959135092243603
11:49:36.847 CONFIG | ratioLowerBound=0.88, ratioUpperBound=0.15000000000000002
11:49:36.847 CONFIG | ----- AUCTION AGENT 5 : BIDDING TASK 3, Bid = 687, in 1841 sec
11:49:36.847 CONFIG | 
11:49:36.847 CONFIG | Bid 0 805
11:49:36.847 CONFIG | Bid 1 0
11:49:36.847 CONFIG | got from this 2789
11:49:36.847 CONFIG | Expenses bank 2789 with stategy 2
11:49:40.421 CONFIG | Case 5. BID 2372 cost opp 748
11:49:40.421 CONFIG | Ozuna : -----------------
11:49:40.421 CONFIG | Ozuna : Minimum cost is  : 2157 probability: 0.6328387411309062
11:49:40.421 CONFIG | Ozuna : Min cost opponent: 748
11:49:40.421 CONFIG | Ozuna : Final bid is     : 2372
11:49:40.421 CONFIG | Ozuna : Number of tasks  : 3
11:49:40.422 CONFIG | ----- AuctionResult: T3, agent is 0 -----
11:49:40.422 CONFIG | ##### MCPT=780.8, bidMin=655.872, bidMax=1320.6399999999999, bidInterval=664.7679999999999, MMC=3480.0
11:49:40.422 CONFIG | 
11:49:40.422 CONFIG | ----- AUCTION AGENT 5 ASK PRICE: T4=(Task 4, 3 kg, 41305 CHF, Liverpool -> Norwich) id = 0 -----
11:49:42.244 CONFIG | ##### MCPT=803.68, bidMin=675.0912, bidMax=1338.944, bidInterval=663.8528, MMC=3480.0
11:49:42.642 CONFIG | MC1=0.0, MC2=1986.5, M1=675.0912, M2=961.4007138436373, bid=818.2459569218186, bidFactor=1.2021246788141624
11:49:42.643 CONFIG | ratioLowerBound=0.84, ratioUpperBound=0.2
11:49:42.643 CONFIG | ----- AUCTION AGENT 5 : BIDDING TASK 4, Bid = 984, in 2220 sec
11:49:42.643 CONFIG | 
11:49:42.643 CONFIG | Bid 0 687
11:49:42.643 CONFIG | Bid 1 2372
11:49:42.643 CONFIG | Expenses bank 2789 with stategy 2
11:49:46.725 CONFIG | Case 5. BID 2184 cost opp 0
11:49:46.725 CONFIG | Ozuna : -----------------
11:49:46.725 CONFIG | Ozuna : Minimum cost is  : 1986 probability: 0.6574609429510335
11:49:46.725 CONFIG | Ozuna : Min cost opponent: 0
11:49:46.725 CONFIG | Ozuna : Final bid is     : 2184
11:49:46.725 CONFIG | Ozuna : Number of tasks  : 4
11:49:46.725 CONFIG | ----- AuctionResult: T4, agent is 0 -----
11:49:46.725 CONFIG | ##### MCPT=803.68, bidMin=642.944, bidMax=1472.76, bidInterval=829.816, MMC=3480.0
11:49:46.725 CONFIG | 
11:49:46.725 CONFIG | ----- AUCTION AGENT 5 ASK PRICE: T5=(Task 5, 3 kg, 85625 CHF, Norwich -> London) id = 0 -----
11:49:48.982 CONFIG | ##### MCPT=780.8, bidMin=624.64, bidMax=1455.6, bidInterval=830.9599999999999, MMC=3480.0
11:49:49.342 CONFIG | MC1=201.0, MC2=874.8676470588235, M1=636.1746743741954, M2=729.3829466430611, bid=682.7788105086283, bidFactor=1.6227582317215723
11:49:49.342 CONFIG | ratioLowerBound=0.8, ratioUpperBound=0.25
11:49:49.342 CONFIG | ----- AUCTION AGENT 5 : BIDDING TASK 5, Bid = 1108, in 2617 sec
11:49:49.342 CONFIG | 
11:49:49.342 CONFIG | Bid 0 983
11:49:49.342 CONFIG | Bid 1 2184
11:49:49.342 CONFIG | Expenses bank 2789 with stategy 2
11:49:53.420 CONFIG | Case 4.2 . BID 180 cost opp 201 multip 180.9
11:49:53.420 CONFIG | Ozuna : -----------------
11:49:53.420 CONFIG | Ozuna : Minimum cost is  : 0 probability: 0.22905252791867947
11:49:53.420 CONFIG | Ozuna : Min cost opponent: 201
11:49:53.420 CONFIG | Ozuna : Final bid is     : 180
11:49:53.420 CONFIG | Ozuna : Number of tasks  : 5
11:49:53.420 CONFIG | ----- AuctionResult: T5, agent is 0 -----
11:49:53.420 CONFIG | ##### MCPT=780.8, bidMin=593.408, bidMax=1590.56, bidInterval=997.1519999999999, MMC=3480.0
11:49:53.420 CONFIG | 
11:49:53.420 CONFIG | ----- AUCTION AGENT 5 ASK PRICE: T6=(Task 6, 3 kg, 64503 CHF, Cardiff -> London) id = 0 -----
11:49:55.818 CONFIG | ##### MCPT=780.8, bidMin=593.408, bidMax=1590.56, bidInterval=997.1519999999999, MMC=3480.0
11:49:56.727 CONFIG | MC1=0.0, MC2=1032.2368421052631, M1=593.408, M2=754.495385266837, bid=673.9516926334186, bidFactor=0.5
11:49:56.727 CONFIG | ratioLowerBound=0.76, ratioUpperBound=0.30000000000000004
11:49:56.727 CONFIG | ----- AUCTION AGENT 5 : BIDDING TASK 6, Bid = 593, in 3307 sec
11:49:56.727 CONFIG | 
11:49:56.727 CONFIG | Bid 0 1107
11:49:56.727 CONFIG | Bid 1 180
11:49:56.727 CONFIG | got from this -180
11:49:56.727 CONFIG | Expenses bank 2609 with stategy 3
11:50:00.788 CONFIG | Case 5. BID 1170 cost opp 0
11:50:00.788 CONFIG | Ozuna : -----------------
11:50:00.788 CONFIG | Ozuna : Minimum cost is  : 1064 probability: 0.5158046016885268
11:50:00.788 CONFIG | Ozuna : Min cost opponent: 0
11:50:00.788 CONFIG | Ozuna : Final bid is     : 1170
11:50:00.788 CONFIG | Ozuna : Number of tasks  : 6
11:50:00.789 CONFIG | ----- AuctionResult: T6, agent is 0 -----
11:50:00.789 CONFIG | ##### MCPT=780.8, bidMin=562.1759999999999, bidMax=1725.52, bidInterval=1163.344, MMC=3480.0
11:50:00.789 CONFIG | 
11:50:00.789 CONFIG | ----- AUCTION AGENT 5 ASK PRICE: T7=(Task 7, 3 kg, 68101 CHF, London -> Manchester) id = 0 -----
11:50:03.187 CONFIG | ##### MCPT=801.8, bidMin=577.2959999999999, bidMax=1739.17, bidInterval=1161.8740000000003, MMC=3480.0
11:50:04.039 CONFIG | MC1=0.0, MC2=561.9047619047619, M1=577.2959999999999, M2=652.6808779901842, bid=614.9884389950921, bidFactor=0.6465811965811966
11:50:04.039 CONFIG | ratioLowerBound=0.72, ratioUpperBound=0.35000000000000003
11:50:04.039 CONFIG | ----- AUCTION AGENT 5 : BIDDING TASK 7, Bid = 577, in 3249 sec
11:50:04.039 CONFIG | 
11:50:04.039 CONFIG | Bid 0 593
11:50:04.039 CONFIG | Bid 1 1170
11:50:04.039 CONFIG | Expenses bank 2609 with stategy 3
11:50:08.103 CONFIG | Case 4.2 . BID 1062 cost opp 1180 multip 1062.0
11:50:08.103 CONFIG | Ozuna : -----------------
11:50:08.103 CONFIG | Ozuna : Minimum cost is  : 0 probability: 0.3870085577256164
11:50:08.103 CONFIG | Ozuna : Min cost opponent: 1180
11:50:08.103 CONFIG | Ozuna : Final bid is     : 1062
11:50:08.103 CONFIG | Ozuna : Number of tasks  : 7
11:50:08.103 CONFIG | ----- AuctionResult: T7, agent is 0 -----
11:50:08.103 CONFIG | ##### MCPT=801.8, bidMin=545.2239999999999, bidMax=1873.08, bidInterval=1327.856, MMC=3480.0
11:50:08.103 CONFIG | 
11:50:08.103 CONFIG | ----- AUCTION AGENT 5 ASK PRICE: T8=(Task 8, 3 kg, 41269 CHF, Plymouth -> Birmingham) id = 0 -----
11:50:10.501 CONFIG | ##### MCPT=801.8, bidMin=545.2239999999999, bidMax=1873.08, bidInterval=1327.856, MMC=3480.0
11:50:11.394 CONFIG | MC1=2448.0, MC2=3038.0, M1=1328.6522620454275, M2=1628.3120612290766, bid=1478.482161637252, bidFactor=0.8125492137074058
11:50:11.395 CONFIG | ratioLowerBound=0.6799999999999999, ratioUpperBound=0.4
11:50:11.395 CONFIG | ----- AUCTION AGENT 5 : BIDDING TASK 8, Bid = 1201, in 3291 sec
11:50:11.395 CONFIG | 
11:50:11.395 CONFIG | Bid 0 577
11:50:11.395 CONFIG | Bid 1 1062
11:50:11.395 CONFIG | Expenses bank 2609 with stategy 3
11:50:15.458 CONFIG | Case 5. BID 1978 cost opp 2059
11:50:15.458 CONFIG | Ozuna : -----------------
11:50:15.458 CONFIG | Ozuna : Minimum cost is  : 1799 probability: 0.6328387411309062
11:50:15.458 CONFIG | Ozuna : Min cost opponent: 2059
11:50:15.458 CONFIG | Ozuna : Final bid is     : 1978
11:50:15.458 CONFIG | Ozuna : Number of tasks  : 8
11:50:15.458 CONFIG | ----- AuctionResult: T8, agent is 0 -----
11:50:15.458 CONFIG | ##### MCPT=801.8, bidMin=513.1519999999999, bidMax=2006.99, bidInterval=1493.8380000000002, MMC=3480.0
11:50:15.458 CONFIG | 
11:50:15.458 CONFIG | ----- AUCTION AGENT 5 ASK PRICE: T9=(Task 9, 3 kg, 75780 CHF, Portsmouth -> Plymouth) id = 0 -----
11:50:17.856 CONFIG | ##### MCPT=819.92, bidMin=524.7488, bidMax=2016.9560000000001, bidInterval=1492.2072000000003, MMC=3480.0
11:50:18.919 CONFIG | MC1=0.0, MC2=1224.0, M1=524.7488, M2=836.0153068945062, bid=680.3820534472532, bidFactor=0.9692257911128683
11:50:18.919 CONFIG | ratioLowerBound=0.64, ratioUpperBound=0.45
11:50:18.919 CONFIG | ----- AUCTION AGENT 5 : BIDDING TASK 9, Bid = 659, in 3461 sec
11:50:18.919 CONFIG | 
11:50:18.919 CONFIG | Bid 0 1201
11:50:18.919 CONFIG | Bid 1 1978
11:50:18.919 CONFIG | Expenses bank 2609 with stategy 3
11:50:22.979 CONFIG | Case 5. BID 1870 cost opp 0
11:50:22.979 CONFIG | Ozuna : -----------------
11:50:22.979 CONFIG | Ozuna : Minimum cost is  : 1700 probability: 0.05000149195752052
11:50:22.979 CONFIG | Ozuna : Min cost opponent: 0
11:50:22.979 CONFIG | Ozuna : Final bid is     : 1870
11:50:22.979 CONFIG | Ozuna : Number of tasks  : 9
11:50:22.979 CONFIG | ----- AuctionResult: T9, agent is 0 -----
11:50:22.979 CONFIG | ##### MCPT=819.92, bidMin=491.95199999999994, bidMax=2149.96, bidInterval=1658.008, MMC=3480.0
11:50:22.979 CONFIG | 
11:50:22.979 CONFIG | ----- AUCTION AGENT 5 ASK PRICE: T10=(Task 10, 3 kg, 85625 CHF, Birmingham -> Cardiff) id = 0 -----
11:50:25.377 CONFIG | ##### MCPT=780.8, bidMin=468.47999999999996, bidMax=2130.3999999999996, bidInterval=1661.9199999999996, MMC=3480.0
11:50:26.364 CONFIG | MC1=0.0, MC2=0.0, M1=468.47999999999996, M2=468.47999999999996, bid=468.47999999999996, bidFactor=1.4030450355842432
11:50:26.364 CONFIG | ratioLowerBound=0.6, ratioUpperBound=0.5
11:50:26.364 CONFIG | ----- AUCTION AGENT 5 : BIDDING TASK 10, Bid = 657, in 3385 sec
11:50:26.364 CONFIG | 
11:50:26.364 CONFIG | Bid 0 659
11:50:26.364 CONFIG | Bid 1 1870
11:50:26.364 CONFIG | Expenses bank 2609 with stategy 3
11:50:29.921 CONFIG | Case 4.1 . BID 100 cost opp 0
11:50:29.921 CONFIG | Ozuna : -----------------
11:50:29.921 CONFIG | Ozuna : Minimum cost is  : 0 probability: 0.040517206615328746
11:50:29.921 CONFIG | Ozuna : Min cost opponent: 0
11:50:29.921 CONFIG | Ozuna : Final bid is     : 100
11:50:29.921 CONFIG | Ozuna : Number of tasks  : 10
11:50:29.921 CONFIG | ----- AuctionResult: T10, agent is 0 -----
11:50:29.921 CONFIG | ##### MCPT=780.8, bidMin=468.47999999999996, bidMax=2130.3999999999996, bidInterval=1661.9199999999996, MMC=3480.0
11:50:29.921 CONFIG | 
11:50:29.921 CONFIG | ----- AUCTION AGENT 5 ASK PRICE: T11=(Task 11, 3 kg, 55553 CHF, Portsmouth -> Sheffield) id = 0 -----
11:50:32.319 CONFIG | ##### MCPT=780.8, bidMin=468.47999999999996, bidMax=2130.3999999999996, bidInterval=1661.9199999999996, MMC=3480.0
11:50:34.278 CONFIG | MC1=0.0, MC2=1789.0, M1=468.47999999999996, M2=1081.0514603605022, bid=774.7657301802511, bidFactor=0.5
11:50:34.279 CONFIG | ratioLowerBound=0.6, ratioUpperBound=0.5
11:50:34.279 CONFIG | ----- AUCTION AGENT 5 : BIDDING TASK 11, Bid = 468, in 4357 sec
11:50:34.279 CONFIG | 
11:50:34.279 CONFIG | Bid 0 657
11:50:34.279 CONFIG | Bid 1 100
11:50:34.279 CONFIG | got from this -100
11:50:34.279 CONFIG | Expenses bank 2509 with stategy 3
11:50:38.335 CONFIG | Case 5. BID 1613 cost opp 0
11:50:38.335 CONFIG | Ozuna : -----------------
11:50:38.335 CONFIG | Ozuna : Minimum cost is  : 1467 probability: 0.6684672403970497
11:50:38.335 CONFIG | Ozuna : Min cost opponent: 0
11:50:38.335 CONFIG | Ozuna : Final bid is     : 1613
11:50:38.335 CONFIG | Ozuna : Number of tasks  : 11
11:50:38.335 CONFIG | ----- AuctionResult: T11, agent is 0 -----
11:50:38.335 CONFIG | ##### MCPT=780.8, bidMin=468.47999999999996, bidMax=2130.3999999999996, bidInterval=1661.9199999999996, MMC=3480.0
11:50:38.335 CONFIG | 
11:50:38.335 CONFIG | ----- AUCTION AGENT 5 ASK PRICE: T12=(Task 12, 3 kg, 68638 CHF, Cardiff -> Manchester) id = 0 -----
11:50:40.733 CONFIG | ##### MCPT=801.8, bidMin=481.0799999999999, bidMax=2140.8999999999996, bidInterval=1659.8199999999997, MMC=3480.0
11:50:42.682 CONFIG | MC1=0.0, MC2=0.0, M1=481.0799999999999, M2=481.0799999999999, bid=481.0799999999999, bidFactor=0.7549287042777434
11:50:42.682 CONFIG | ratioLowerBound=0.6, ratioUpperBound=0.5
11:50:42.682 CONFIG | ----- AUCTION AGENT 5 : BIDDING TASK 12, Bid = 481, in 4347 sec
11:50:42.682 CONFIG | 
11:50:42.682 CONFIG | Bid 0 468
11:50:42.682 CONFIG | Bid 1 1613
11:50:42.682 CONFIG | Expenses bank 2509 with stategy 3
11:50:46.740 CONFIG | Case 4.1 . BID 100 cost opp 0
11:50:46.740 CONFIG | Ozuna : -----------------
11:50:46.740 CONFIG | Ozuna : Minimum cost is  : 0 probability: 0.3870085577256164
11:50:46.740 CONFIG | Ozuna : Min cost opponent: 0
11:50:46.740 CONFIG | Ozuna : Final bid is     : 100
11:50:46.740 CONFIG | Ozuna : Number of tasks  : 12
11:50:46.740 CONFIG | ----- AuctionResult: T12, agent is 0 -----
11:50:46.740 CONFIG | ##### MCPT=801.8, bidMin=481.0799999999999, bidMax=2140.8999999999996, bidInterval=1659.8199999999997, MMC=3480.0
11:50:46.740 CONFIG | 
11:50:46.740 CONFIG | ----- AUCTION AGENT 5 ASK PRICE: T13=(Task 13, 3 kg, 69390 CHF, Newcastle -> Manchester) id = 0 -----
11:50:49.138 CONFIG | ##### MCPT=801.8, bidMin=481.0799999999999, bidMax=2140.8999999999996, bidInterval=1659.8199999999997, MMC=3480.0
11:50:51.535 CONFIG | MC1=985.0, MC2=1704.0, M1=731.0261624176512, M2=1049.7973964320574, bid=890.4117794248543, bidFactor=0.7549287042777434
11:50:51.535 CONFIG | ratioLowerBound=0.6, ratioUpperBound=0.5
11:50:51.535 CONFIG | ----- AUCTION AGENT 5 : BIDDING TASK 13, Bid = 672, in 4795 sec
11:50:51.535 CONFIG | 
11:50:51.535 CONFIG | Bid 0 481
11:50:51.535 CONFIG | Bid 1 100
11:50:51.535 CONFIG | got from this -100
11:50:51.535 CONFIG | Expenses bank 2409 with stategy 3
11:50:55.176 CONFIG | Case 5. BID 1874 cost opp 985
11:50:55.176 CONFIG | Ozuna : -----------------
11:50:55.176 CONFIG | Ozuna : Minimum cost is  : 1704 probability: 0.34834983662672975
11:50:55.176 CONFIG | Ozuna : Min cost opponent: 985
11:50:55.176 CONFIG | Ozuna : Final bid is     : 1874
11:50:55.176 CONFIG | Ozuna : Number of tasks  : 13
11:50:55.176 CONFIG | ----- AuctionResult: T13, agent is 0 -----
11:50:55.176 CONFIG | ##### MCPT=801.8, bidMin=481.0799999999999, bidMax=2140.8999999999996, bidInterval=1659.8199999999997, MMC=3480.0
11:50:55.176 CONFIG | 
11:50:55.176 CONFIG | ----- AUCTION AGENT 5 ASK PRICE: T14=(Task 14, 3 kg, 48501 CHF, Portsmouth -> Liverpool) id = 0 -----
11:50:57.574 CONFIG | ##### MCPT=724.88, bidMin=434.928, bidMax=2102.44, bidInterval=1667.5120000000002, MMC=3480.0
11:50:59.971 CONFIG | MC1=0.0, MC2=1511.5, M1=434.928, M2=912.2509645676978, bid=673.5894822838488, bidFactor=1.0881608409792105
11:50:59.971 CONFIG | ratioLowerBound=0.6, ratioUpperBound=0.5
11:50:59.971 CONFIG | ----- AUCTION AGENT 5 : BIDDING TASK 14, Bid = 733, in 4795 sec
11:50:59.971 CONFIG | 
11:50:59.971 CONFIG | Bid 0 672
11:50:59.971 CONFIG | Bid 1 1874
11:50:59.971 CONFIG | Expenses bank 2409 with stategy 3
11:51:04.025 CONFIG | Case 5. BID 1013 cost opp 0
11:51:04.025 CONFIG | Ozuna : -----------------
11:51:04.025 CONFIG | Ozuna : Minimum cost is  : 921 probability: 0.7047032085818178
11:51:04.025 CONFIG | Ozuna : Min cost opponent: 0
11:51:04.025 CONFIG | Ozuna : Final bid is     : 1013
11:51:04.025 CONFIG | Ozuna : Number of tasks  : 14
11:51:04.025 CONFIG | ----- AuctionResult: T14, agent is 0 -----
11:51:04.025 CONFIG | ##### MCPT=724.88, bidMin=434.928, bidMax=2102.44, bidInterval=1667.5120000000002, MMC=3480.0
11:51:04.025 CONFIG | 
11:51:04.025 CONFIG | ----- AUCTION AGENT 5 ASK PRICE: T15=(Task 15, 3 kg, 85840 CHF, Sheffield -> Liverpool) id = 0 -----
11:51:06.423 CONFIG | ##### MCPT=700.88, bidMin=420.52799999999996, bidMax=2090.44, bidInterval=1669.912, MMC=3480.0
11:51:08.820 CONFIG | MC1=7.0, MC2=719.0, M1=420.6786509170466, M2=577.353996290057, bid=499.01632360355177, bidFactor=1.1723778300540082
11:51:08.820 CONFIG | ratioLowerBound=0.6, ratioUpperBound=0.5
11:51:08.820 CONFIG | ----- AUCTION AGENT 5 : BIDDING TASK 15, Bid = 585, in 4795 sec
11:51:08.820 CONFIG | 
11:51:08.820 CONFIG | Bid 0 732
11:51:08.820 CONFIG | Bid 1 1013
11:51:08.820 CONFIG | Expenses bank 2409 with stategy 3
11:51:12.571 CONFIG | Case 5. BID 790 cost opp 389
11:51:12.571 CONFIG | Ozuna : -----------------
11:51:12.571 CONFIG | Ozuna : Minimum cost is  : 719 probability: 0.24809335267096078
11:51:12.571 CONFIG | Ozuna : Min cost opponent: 389
11:51:12.571 CONFIG | Ozuna : Final bid is     : 790
11:51:12.571 CONFIG | Ozuna : Number of tasks  : 15
11:51:12.571 CONFIG | ----- AuctionResult: T15, agent is 0 -----
11:51:12.573 CONFIG | ##### MCPT=700.88, bidMin=420.52799999999996, bidMax=2090.44, bidInterval=1669.912, MMC=3480.0
11:51:12.573 CONFIG | 
11:51:12.573 CONFIG | ----- AUCTION AGENT 5 ASK PRICE: T16=(Task 16, 3 kg, 85088 CHF, London -> Birmingham) id = 0 -----
11:51:14.971 CONFIG | ##### MCPT=700.88, bidMin=420.52799999999996, bidMax=2090.44, bidInterval=1669.912, MMC=3480.0
11:51:17.368 CONFIG | MC1=0.0, MC2=590.0, M1=420.52799999999996, M2=537.1022787426919, bid=478.81513937134594, bidFactor=1.2421268908293734
11:51:17.368 CONFIG | ratioLowerBound=0.6, ratioUpperBound=0.5
11:51:17.368 CONFIG | ----- AUCTION AGENT 5 : BIDDING TASK 16, Bid = 595, in 4795 sec
11:51:17.368 CONFIG | 
11:51:17.368 CONFIG | Bid 0 585
11:51:17.368 CONFIG | Bid 1 790
11:51:17.368 CONFIG | Expenses bank 2409 with stategy 3
11:51:21.142 CONFIG | Case 4.2 . BID -351 cost opp -389 multip -350.1
11:51:21.142 CONFIG | Ozuna : -----------------
11:51:21.142 CONFIG | Ozuna : Minimum cost is  : 0 probability: 0.2867520737698474
11:51:21.142 CONFIG | Ozuna : Min cost opponent: -389
11:51:21.142 CONFIG | Ozuna : Final bid is     : -351
11:51:21.142 CONFIG | Ozuna : Number of tasks  : 16
11:51:21.142 CONFIG | ----- AuctionResult: T16, agent is 0 -----
11:51:21.142 CONFIG | ##### MCPT=700.88, bidMin=420.52799999999996, bidMax=2090.44, bidInterval=1669.912, MMC=3480.0
11:51:21.142 CONFIG | 
11:51:21.142 CONFIG | ----- AUCTION AGENT 5 ASK PRICE: T17=(Task 17, 3 kg, 72236 CHF, Portsmouth -> Norwich) id = 0 -----
11:51:23.540 CONFIG | ##### MCPT=700.88, bidMin=420.52799999999996, bidMax=2090.44, bidInterval=1669.912, MMC=3480.0
11:51:25.937 CONFIG | MC1=0.0, MC2=1898.0, M1=420.52799999999996, M2=1093.1468463192791, bid=756.8374231596396, bidFactor=0.5
11:51:25.937 CONFIG | ratioLowerBound=0.6, ratioUpperBound=0.5
11:51:25.937 CONFIG | ----- AUCTION AGENT 5 : BIDDING TASK 17, Bid = 421, in 4795 sec
11:51:25.937 CONFIG | 
11:51:25.937 CONFIG | Bid 0 594
11:51:25.937 CONFIG | Bid 1 -351
11:51:25.937 CONFIG | got from this 351
11:51:25.937 CONFIG | Expenses bank 2760 with stategy 3
11:51:29.695 CONFIG | Case 5. BID 1978 cost opp 0
11:51:29.695 CONFIG | Ozuna : -----------------
11:51:29.695 CONFIG | Ozuna : Minimum cost is  : 1799 probability: 0.27045238522541715
11:51:29.695 CONFIG | Ozuna : Min cost opponent: 0
11:51:29.695 CONFIG | Ozuna : Final bid is     : 1978
11:51:29.695 CONFIG | Ozuna : Number of tasks  : 17
11:51:29.695 CONFIG | ----- AuctionResult: T17, agent is 0 -----
11:51:29.695 CONFIG | ##### MCPT=700.88, bidMin=420.52799999999996, bidMax=2090.44, bidInterval=1669.912, MMC=3480.0
11:51:29.695 CONFIG | 
11:51:29.695 CONFIG | ----- AUCTION AGENT 5 ASK PRICE: T18=(Task 18, 3 kg, 41806 CHF, Plymouth -> Norwich) id = 0 -----
11:51:32.093 CONFIG | ##### MCPT=700.88, bidMin=420.52799999999996, bidMax=2090.44, bidInterval=1669.912, MMC=3480.0
11:51:34.490 CONFIG | MC1=0.0, MC2=3598.0, M1=420.52799999999996, M2=2176.091157734487, bid=1298.3095788672433, bidFactor=0.7938321536905966
11:51:34.490 CONFIG | ratioLowerBound=0.6, ratioUpperBound=0.5
11:51:34.490 CONFIG | ----- AUCTION AGENT 5 : BIDDING TASK 18, Bid = 1031, in 4795 sec
11:51:34.490 CONFIG | 
11:51:34.490 CONFIG | Bid 0 420
11:51:34.490 CONFIG | Bid 1 1978
11:51:34.490 CONFIG | Expenses bank 2760 with stategy 3
11:51:38.049 CONFIG | Case 5. BID 1978 cost opp 1700
11:51:38.049 CONFIG | Ozuna : -----------------
11:51:38.049 CONFIG | Ozuna : Minimum cost is  : 1799 probability: 0.3874865246677964
11:51:38.049 CONFIG | Ozuna : Min cost opponent: 1700
11:51:38.049 CONFIG | Ozuna : Final bid is     : 1978
11:51:38.049 CONFIG | Ozuna : Number of tasks  : 18
11:51:38.049 CONFIG | ----- AuctionResult: T18, agent is 0 -----
11:51:38.049 CONFIG | ##### MCPT=700.88, bidMin=420.52799999999996, bidMax=2090.44, bidInterval=1669.912, MMC=3480.0
11:51:38.049 CONFIG | 
11:51:38.049 CONFIG | ----- AUCTION AGENT 5 ASK PRICE: T19=(Task 19, 3 kg, 62087 CHF, Cardiff -> Leeds) id = 0 -----
11:51:40.447 CONFIG | ##### MCPT=700.88, bidMin=420.52799999999996, bidMax=2090.44, bidInterval=1669.912, MMC=3480.0
11:51:42.844 CONFIG | MC1=0.0, MC2=536.0, M1=420.52799999999996, M2=521.4699997373959, bid=470.998999868698, bidFactor=1.0155272404947855
11:51:42.844 CONFIG | ratioLowerBound=0.6, ratioUpperBound=0.5
11:51:42.844 CONFIG | ----- AUCTION AGENT 5 : BIDDING TASK 19, Bid = 478, in 4795 sec
11:51:42.844 CONFIG | 
11:51:42.844 CONFIG | Bid 0 1030
11:51:42.844 CONFIG | Bid 1 1978
11:51:42.844 CONFIG | Expenses bank 2760 with stategy 3
11:51:46.480 CONFIG | Case 5. BID 589 cost opp -1269
11:51:46.480 CONFIG | Ozuna : -----------------
11:51:46.480 CONFIG | Ozuna : Minimum cost is  : 536 probability: 0.5988659422118091
11:51:46.480 CONFIG | Ozuna : Min cost opponent: -1269
11:51:46.480 CONFIG | Ozuna : Final bid is     : 589
11:51:46.480 CONFIG | Ozuna : Number of tasks  : 19
11:51:46.481 CONFIG | ----- AuctionResult: T19, agent is 0 -----
11:51:46.481 CONFIG | ##### MCPT=700.88, bidMin=420.52799999999996, bidMax=2090.44, bidInterval=1669.912, MMC=3480.0
11:51:46.481 CONFIG | 
11:51:46.481 CONFIG | 
11:51:46.481 CONFIG | ====================== AUCTION AGENT 5 FINAL PLAN ======================================================================
11:51:51.279 CONFIG | ++++++++++++++++++++++++++++++++++++++++++++++++++++++++++++++++++++++++++++++++++++++++++
11:51:51.279 CONFIG | AUCTION AGENT 5 : number of tasks = 15
11:51:51.279 CONFIG | FINAL DISTANCE = 1752
11:51:51.279 CONFIG | FINAL COST = 8761.0
11:51:51.279 CONFIG | FINAL REWARD = 10614
11:51:51.279 CONFIG | FINAL PROFIT = 1853
11:51:51.279 CONFIG | ++++++++++++++++++++++++++++++++++++++++++++++++++++++++++++++++++++++++++++++++++++++++++
11:51:51.279 CONFIG | ------------------------------------------------------------------------------
11:51:51.279 CONFIG | AUCTION AGENT 5 0 INFORMATIONS :
11:51:51.279 CONFIG | Tasks, T0:0, T1:0, T2:1, T3:0, T4:0, T5:1, T6:0, T7:0, T8:0, T9:0, T10:1, T11:0, T12:1, T13:0, T14:0, T15:0, T16:1, T17:0, T18:0, T19:0
11:51:51.279 CONFIG | last1, T0:2191, T1:4573, T2:4573, T3:5321, T4:5321, T5:5522, T6:5321, T7:5321, T8:7769, T9:7769, T10:7769, T11:7769, T12:7769, T13:8754, T14:8754, T15:8761, T16:8761, T17:8761, T18:8761, T19:8761
11:51:51.279 CONFIG | best1, T0:0, T1:2191, T2:4573, T3:4573, T4:5321, T5:5321, T6:5321, T7:5321, T8:5321, T9:7769, T10:7769, T11:7769, T12:7769, T13:7769, T14:8754, T15:8754, T16:8761, T17:8761, T18:8761, T19:8761, T20:8761
11:51:51.279 CONFIG | mc1, T0:2191, T1:2382, T2:0, T3:748, T4:0, T5:201, T6:0, T7:0, T8:2448, T9:0, T10:0, T11:0, T12:0, T13:985, T14:0, T15:7, T16:0, T17:0, T18:0, T19:0
11:51:51.279 CONFIG | bid1, T0:780.0, T1:749.0, T2:805.0, T3:687.0, T4:983.0, T5:1107.0, T6:593.0, T7:577.0, T8:1201.0, T9:659.0, T10:657.0, T11:468.0, T12:481.0, T13:672.0, T14:732.0, T15:585.0, T16:594.0, T17:420.0, T18:1030.0, T19:478.0
11:51:51.279 CONFIG | totalReward1, T0:0.0, T1:780.0, T2:1529.0, T3:1529.0, T4:2216.0, T5:3199.0, T6:3199.0, T7:3792.0, T8:4369.0, T9:5570.0, T10:6229.0, T11:6229.0, T12:6697.0, T13:6697.0, T14:7369.0, T15:8101.0, T16:8686.0, T17:8686.0, T18:9106.0, T19:10136.0, T20:10614.0
11:51:51.279 CONFIG | ##################################################################################
11:51:51.279 CONFIG | mc1, T0:2191, T1:2382, T2:0, T3:748, T4:0, T5:201, T6:0, T7:0, T8:2448, T9:0, T10:0, T11:0, T12:0, T13:985, T14:0, T15:7, T16:0, T17:0, T18:0, T19:0
11:51:51.280 CONFIG | mc2, T0:2016, T1:2319, T2:2183, T3:1718, T4:1986, T5:874, T6:1032, T7:561, T8:3038, T9:1224, T10:0, T11:1789, T12:0, T13:1704, T14:1511, T15:719, T16:590, T17:1898, T18:3598, T19:536
11:51:51.280 CONFIG | m1, T0:780, T1:843, T2:805, T3:736, T4:675, T5:636, T6:593, T7:577, T8:1328, T9:524, T10:468, T11:468, T12:481, T13:731, T14:434, T15:420, T16:420, T17:420, T18:420, T19:420
11:51:51.280 CONFIG | m2, T0:780, T1:839, T2:969, T3:860, T4:961, T5:729, T6:754, T7:652, T8:1628, T9:836, T10:468, T11:1081, T12:481, T13:1049, T14:912, T15:577, T16:537, T17:1093, T18:2176, T19:521
11:51:51.280 CONFIG | bid1, T0:780.0, T1:749.0, T2:805.0, T3:687.0, T4:983.0, T5:1107.0, T6:593.0, T7:577.0, T8:1201.0, T9:659.0, T10:657.0, T11:468.0, T12:481.0, T13:672.0, T14:732.0, T15:585.0, T16:594.0, T17:420.0, T18:1030.0, T19:478.0
11:51:51.280 CONFIG | bid2:, T0:923.0, T1:994.0, T2:0.0, T3:2372.0, T4:2184.0, T5:180.0, T6:1170.0, T7:1062.0, T8:1978.0, T9:1870.0, T10:100.0, T11:1613.0, T12:100.0, T13:1874.0, T14:1013.0, T15:790.0, T16:-351.0, T17:1978.0, T18:1978.0, T19:589.0
11:51:51.280 CONFIG | ratioLowerBound:, T0:1.0, T1:0.96, T2:0.92, T3:0.88, T4:0.84, T5:0.8, T6:0.76, T7:0.72, T8:0.6799999999999999, T9:0.64, T10:0.6, T11:0.6, T12:0.6, T13:0.6, T14:0.6, T15:0.6, T16:0.6, T17:0.6, T18:0.6, T19:0.6, T20:0.6
11:51:51.280 CONFIG | ratioUpperBound:, T0:0.0, T1:0.05, T2:0.1, T3:0.15000000000000002, T4:0.2, T5:0.25, T6:0.30000000000000004, T7:0.35000000000000003, T8:0.4, T9:0.45, T10:0.5, T11:0.5, T12:0.5, T13:0.5, T14:0.5, T15:0.5, T16:0.5, T17:0.5, T18:0.5, T19:0.5, T20:0.5
11:51:51.280 CONFIG | MC1:, T0:2191.0, T1:2382.0, T2:0.0, T3:748.0, T4:0.0, T5:201.0, T6:0.0, T7:0.0, T8:2448.0, T9:0.0, T10:0.0, T11:0.0, T12:0.0, T13:985.0, T14:0.0, T15:7.0, T16:0.0, T17:0.0, T18:0.0, T19:0.0
11:51:51.280 CONFIG | MC2:, T0:2016.8333333333333, T1:2319.1666666666665, T2:2183.1363636363635, T3:1718.5, T4:1986.5, T5:874.8676470588235, T6:1032.2368421052631, T7:561.9047619047619, T8:3038.0, T9:1224.0, T10:0.0, T11:1789.0, T12:0.0, T13:1704.0, T14:1511.5, T15:719.0, T16:590.0, T17:1898.0, T18:3598.0, T19:536.0
11:51:51.280 CONFIG | M1:, T0:780.8, T1:843.6819245944523, T2:805.7728000000001, T3:736.787810867311, T4:675.0912, T5:636.1746743741954, T6:593.408, T7:577.2959999999999, T8:1328.6522620454275, T9:524.7488, T10:468.47999999999996, T11:468.47999999999996, T12:481.0799999999999, T13:731.0261624176512, T14:434.928, T15:420.6786509170466, T16:420.52799999999996, T17:420.52799999999996, T18:420.52799999999996, T19:420.52799999999996
11:51:51.280 CONFIG | M2:, T0:780.8, T1:839.9827298036423, T2:969.9836377055542, T3:860.1202153471336, T4:961.4007138436373, T5:729.3829466430611, T6:754.495385266837, T7:652.6808779901842, T8:1628.3120612290766, T9:836.0153068945062, T10:468.47999999999996, T11:1081.0514603605022, T12:481.0799999999999, T13:1049.7973964320574, T14:912.2509645676978, T15:577.353996290057, T16:537.1022787426919, T17:1093.1468463192791, T18:2176.091157734487, T19:521.4699997373959
11:51:51.280 CONFIG | bidFactorTable:, T0:0.9, T1:0.7605633802816901, T2:0.7959135092243603, T3:0.7959135092243603, T4:1.2021246788141624, T5:1.6227582317215723, T6:0.5, T7:0.6465811965811966, T8:0.8125492137074058, T9:0.9692257911128683, T10:1.4030450355842432, T11:0.5, T12:0.7549287042777434, T13:0.7549287042777434, T14:1.0881608409792105, T15:1.1723778300540082, T16:1.2421268908293734, T17:0.5, T18:0.7938321536905966, T19:1.0155272404947855, T20:0.8241460457665661
11:51:51.281 CONFIG | ##################################################################################
11:51:51.281 CONFIG | ------------------------------------------------------------------------------
11:51:51.281 CONFIG | ------------------------------------------------------------------------------
11:51:51.281 CONFIG | OTHER AGENT 1 INFORMATIONS :
11:51:51.281 CONFIG | Tasks, T0:0, T1:0, T2:1, T3:0, T4:0, T5:1, T6:0, T7:0, T8:0, T9:0, T10:1, T11:0, T12:1, T13:0, T14:0, T15:0, T16:1, T17:0, T18:0, T19:0
11:51:51.281 CONFIG | last2:
11:51:51.281 CONFIG | 0: , T0:2258, T1:2175, T2:2282, T3:3720, T4:4268, T5:3738, T6:4496, T7:3738, T8:5438, T9:5030, T10:3738, T11:4457, T12:3738, T13:4791, T14:3912, T15:3979, T16:3738, T17:3738, T18:5438, T19:4274
11:51:51.281 CONFIG | 1: , T0:2191, T1:2668, T2:2214, T3:4213, T4:4201, T5:3364, T6:4429, T7:3364, T8:5812, T9:5148, T10:3364, T11:4831, T12:3364, T13:3924, T14:4286, T15:4083, T16:3364, T17:4112, T18:5812, T19:3900
11:51:51.281 CONFIG | 2: , T0:1601, T1:2114, T2:1624, T3:3782, T4:3611, T5:2199, T6:3264, T7:2789, T8:5237, T9:3423, T10:2199, T11:3988, T12:2199, T13:3903, T14:3711, T15:2918, T16:2789, T17:4687, T18:6387, T19:3325
11:51:51.281 CONFIG | 
11:51:51.281 CONFIG | best2:
11:51:51.281 CONFIG | 0: , T0:0, T1:0, T2:0, T3:2282, T4:2282, T5:2282, T6:3738, T7:3738, T8:3738, T9:3738, T10:3738, T11:3738, T12:3738, T13:3738, T14:3738, T15:3738, T16:3738, T17:3738, T18:3738, T19:3738, T20:3738
11:51:51.281 CONFIG | 1: , T0:0, T1:0, T2:0, T3:2214, T4:2214, T5:2214, T6:3364, T7:3364, T8:3364, T9:3364, T10:3364, T11:3364, T12:3364, T13:3364, T14:3364, T15:3364, T16:3364, T17:3364, T18:3364, T19:3364, T20:3364
11:51:51.281 CONFIG | 2: , T0:0, T1:0, T2:0, T3:1624, T4:1624, T5:1624, T6:2199, T7:2199, T8:2199, T9:2199, T10:2199, T11:2199, T12:2199, T13:2199, T14:2199, T15:2199, T16:2199, T17:2789, T18:2789, T19:2789, T20:2789
11:51:51.281 CONFIG | 
11:51:51.281 CONFIG | mc2:
11:51:51.281 CONFIG | 0: , T0:2258, T1:2175, T2:2282, T3:1438, T4:1986, T5:1456, T6:758, T7:0, T8:1700, T9:1291, T10:0, T11:719, T12:0, T13:1052, T14:173, T15:241, T16:0, T17:0, T18:1700, T19:536
11:51:51.281 CONFIG | 1: , T0:2191, T1:2668, T2:2214, T3:1998, T4:1986, T5:1150, T6:1064, T7:0, T8:2448, T9:1784, T10:0, T11:1467, T12:0, T13:560, T14:921, T15:719, T16:0, T17:748, T18:2448, T19:536
11:51:51.281 CONFIG | 2: , T0:1601, T1:2114, T2:1624, T3:2157, T4:1986, T5:575, T6:1064, T7:590, T8:3038, T9:1224, T10:0, T11:1789, T12:0, T13:1704, T14:1511, T15:719, T16:590, T17:1898, T18:3598, T19:536
11:51:51.281 CONFIG | 
11:51:51.281 CONFIG | bid2:, T0:923.0, T1:994.0, T2:0.0, T3:2372.0, T4:2184.0, T5:180.0, T6:1170.0, T7:1062.0, T8:1978.0, T9:1870.0, T10:100.0, T11:1613.0, T12:100.0, T13:1874.0, T14:1013.0, T15:790.0, T16:-351.0, T17:1978.0, T18:1978.0, T19:589.0totalReward2, T0:0.0, T1:0.0, T2:0.0, T3:0.0, T4:0.0, T5:0.0, T6:180.0, T7:180.0, T8:180.0, T9:180.0, T10:180.0, T11:280.0, T12:280.0, T13:380.0, T14:380.0, T15:380.0, T16:380.0, T17:29.0, T18:29.0, T19:29.0, T20:29.0
11:51:51.281 CONFIG | 
11:51:51.281 CONFIG | ------------------------------------------------------------------------------
11:51:51.281 CONFIG | 
11:51:51.281 CONFIG | FINAL BIDS AUCTION AGENT 5: 
11:51:51.281 CONFIG |  T0:780.0 T1:749.0 T2:805.0 T3:687.0 T4:983.0 T5:1107.0 T6:593.0 T7:577.0 T8:1201.0 T9:659.0 T10:657.0 T11:468.0 T12:481.0 T13:672.0 T14:732.0 T15:585.0 T16:594.0 T17:420.0 T18:1030.0 T19:478.0
11:51:51.281 CONFIG |  T0:923.0 T1:994.0 T2:0.0 T3:2372.0 T4:2184.0 T5:180.0 T6:1170.0 T7:1062.0 T8:1978.0 T9:1870.0 T10:100.0 T11:1613.0 T12:100.0 T13:1874.0 T14:1013.0 T15:790.0 T16:-351.0 T17:1978.0 T18:1978.0 T19:589.0
11:51:51.281 CONFIG | 
11:51:51.283 CONFIG | Bid 0 478
11:51:51.283 CONFIG | Bid 1 589
11:51:51.283 CONFIG | Expenses bank 2760 with stategy 3
11:51:55.847 CONFIG | Wrote tournament/myTournament/auction-AgentBosquillonSomers-Oz.xml
11:51:56.220 INFO | LogistPlatform finished successfully!
11:51:56.225 FINE | Run command: java -Xmx1024m -classpath ../logist/logist.jar logist.LogistPlatform -o tournament/myTournament/auction-Oz-AgentBosquillonSomers.xml -a tournament/myTournament/agents.xml config/auction.xml Oz AgentBosquillonSomers
11:51:56.320 CONFIG | Reading config/auction.xml
11:51:56.371 CONFIG | Reading config/settings_auction.xml
11:51:56.568 CONFIG | Reading config/topology/england.xml
11:51:56.586 CONFIG | Reading tournament/myTournament/agents.xml
11:51:56.604 CONFIG | Reading config/settings_auction.xml
11:51:56.614 CONFIG | Reading config/settings_auction.xml
11:51:56.616 CONFIG | TIMEOUT_BID =5050
11:51:56.616 CONFIG | CONFIG 0
11:51:56.616 CONFIG | V0: capa=30, currentCity=Manchester
11:51:56.616 CONFIG | V1: capa=30, currentCity=Plymouth
11:51:56.616 CONFIG | CONFIG 1
11:51:56.616 CONFIG | V0: capa=21, currentCity=London
11:51:56.616 CONFIG | V1: capa=39, currentCity=Leeds
11:51:56.616 CONFIG | CONFIG 2
11:51:56.616 CONFIG | V0: capa=12, currentCity=Birmingham
11:51:56.616 CONFIG | V1: capa=48, currentCity=Norwich
11:51:56.617 CONFIG | Maximal Marginal Cost = London to Newcastle with distance = 348.0
11:51:56.619 CONFIG | 
11:52:01.417 CONFIG | ##### MCPT=835.9999999999999, bidMin=835.9999999999999, bidMax=835.9999999999999, bidInterval=0.0, MMC=3480.0
11:52:01.432 CONFIG | Case 1. BID 433 cost opp 2249
11:52:01.432 CONFIG | Ozuna : -----------------
11:52:01.432 CONFIG | Ozuna : Minimum cost is  : 2191 probability: 0.4394147124783703
11:52:01.432 CONFIG | Ozuna : Min cost opponent: 2249
11:52:01.432 CONFIG | Ozuna : Final bid is     : 433
11:52:01.432 CONFIG | Ozuna : Number of tasks  : 0
11:52:01.433 CONFIG | ----- AUCTION AGENT 5 ASK PRICE: T0=(Task 0, 3 kg, 69479 CHF, Cardiff -> Sheffield) id = 1 -----
11:52:02.674 CONFIG | ##### MCPT=831.5199999999999, bidMin=831.5199999999999, bidMax=831.5199999999999, bidInterval=0.0, MMC=3480.0
11:52:02.780 CONFIG | MC1=2766.0, MC2=1955.8333333333333, M1=831.5199999999999, M2=831.5199999999999, bid=831.5199999999999, bidFactor=0.9
11:52:02.780 CONFIG | ratioLowerBound=1.0, ratioUpperBound=0.0
11:52:02.780 CONFIG | ----- AUCTION AGENT 5 : BIDDING TASK 0, Bid = 832, in 1348 sec
11:52:02.780 CONFIG | 
11:52:02.780 CONFIG | Bid 0 433
11:52:02.780 CONFIG | Bid 1 831
11:52:02.780 CONFIG | got from this 1758
11:52:02.780 CONFIG | Expenses bank 1758 with stategy 1
11:52:06.351 CONFIG | Case 1. BID 1044 cost opp 1813
11:52:06.351 CONFIG | Ozuna : -----------------
11:52:06.351 CONFIG | Ozuna : Minimum cost is  : 2382 probability: 0.5572044589952645
11:52:06.351 CONFIG | Ozuna : Min cost opponent: 1813
11:52:06.351 CONFIG | Ozuna : Final bid is     : 1044
11:52:06.351 CONFIG | Ozuna : Number of tasks  : 1
11:52:06.351 CONFIG | ----- AuctionResult: T0, agent is 1 -----
11:52:06.351 CONFIG | ##### MCPT=831.5199999999999, bidMin=798.2591999999999, bidMax=963.9439999999998, bidInterval=165.6848, MMC=3480.0
11:52:06.351 CONFIG | 
11:52:06.351 CONFIG | ----- AUCTION AGENT 5 ASK PRICE: T1=(Task 1, 3 kg, 47516 CHF, Manchester -> Norwich) id = 1 -----
11:52:07.585 CONFIG | ##### MCPT=914.3199999999999, bidMin=877.7471999999999, bidMax=1042.604, bidInterval=164.85680000000013, MMC=3480.0
11:52:07.931 CONFIG | MC1=3279.0, MC2=2011.5, M1=1028.529417027897, M2=950.1938077858979, bid=989.3616124068974, bidFactor=0.9
11:52:07.931 CONFIG | ratioLowerBound=0.96, ratioUpperBound=0.05
11:52:07.931 CONFIG | ----- AUCTION AGENT 5 : BIDDING TASK 1, Bid = 890, in 1580 sec
11:52:07.931 CONFIG | 
11:52:07.931 CONFIG | Bid 0 1044
11:52:07.931 CONFIG | Bid 1 890
11:52:07.931 CONFIG | Expenses bank 1758 with stategy 1
11:52:12.013 CONFIG | Case 1. BID 277 cost opp 2099
11:52:12.013 CONFIG | Ozuna : -----------------
11:52:12.013 CONFIG | Ozuna : Minimum cost is  : 742 probability: 0.3870085577256164
11:52:12.013 CONFIG | Ozuna : Min cost opponent: 2099
11:52:12.013 CONFIG | Ozuna : Final bid is     : 277
11:52:12.013 CONFIG | Ozuna : Number of tasks  : 2
11:52:12.013 CONFIG | ----- AuctionResult: T1, agent is 1 -----
11:52:12.013 CONFIG | ##### MCPT=914.3199999999999, bidMin=841.1744, bidMax=1170.888, bidInterval=329.71359999999993, MMC=3480.0
11:52:12.013 CONFIG | 
11:52:12.013 CONFIG | ----- AUCTION AGENT 5 ASK PRICE: T2=(Task 2, 3 kg, 68638 CHF, Cardiff -> Manchester) id = 1 -----
11:52:13.326 CONFIG | ##### MCPT=839.7599999999999, bidMin=772.5791999999999, bidMax=1103.7839999999999, bidInterval=331.2048, MMC=3480.0
11:52:13.679 CONFIG | MC1=1150.0, MC2=742.5, M1=835.497143169557, M2=805.2208755170778, bid=820.3590093433174, bidFactor=0.7672413793103449
11:52:13.680 CONFIG | ratioLowerBound=0.92, ratioUpperBound=0.1
11:52:13.680 CONFIG | ----- AUCTION AGENT 5 : BIDDING TASK 2, Bid = 773, in 1666 sec
11:52:13.680 CONFIG | 
11:52:13.680 CONFIG | Bid 0 277
11:52:13.680 CONFIG | Bid 1 772
11:52:13.680 CONFIG | got from this 465
11:52:13.680 CONFIG | Expenses bank 2223 with stategy 2
11:52:17.247 CONFIG | Case 5. BID 1581 cost opp 1467
11:52:17.247 CONFIG | Ozuna : -----------------
11:52:17.247 CONFIG | Ozuna : Minimum cost is  : 1438 probability: 0.6328387411309062
11:52:17.247 CONFIG | Ozuna : Min cost opponent: 1467
11:52:17.247 CONFIG | Ozuna : Final bid is     : 1581
11:52:17.247 CONFIG | Ozuna : Number of tasks  : 3
11:52:17.247 CONFIG | ----- AuctionResult: T2, agent is 1 -----
11:52:17.247 CONFIG | ##### MCPT=839.7599999999999, bidMin=738.9887999999999, bidMax=1235.796, bidInterval=496.8072000000002, MMC=3480.0
11:52:17.247 CONFIG | 
11:52:17.247 CONFIG | ----- AUCTION AGENT 5 ASK PRICE: T3=(Task 3, 3 kg, 55553 CHF, Sheffield -> Portsmouth) id = 1 -----
11:52:18.557 CONFIG | ##### MCPT=831.5199999999999, bidMin=731.7375999999999, bidMax=1228.792, bidInterval=497.0544, MMC=3480.0
11:52:19.444 CONFIG | MC1=1467.0, MC2=1438.5, M1=867.7818614884306, M2=863.836699167394, bid=865.8092803279123, bidFactor=0.7672413793103449
11:52:19.444 CONFIG | ratioLowerBound=0.88, ratioUpperBound=0.15000000000000002
11:52:19.444 CONFIG | ----- AUCTION AGENT 5 : BIDDING TASK 3, Bid = 732, in 2197 sec
11:52:19.444 CONFIG | 
11:52:19.444 CONFIG | Bid 0 1581
11:52:19.445 CONFIG | Bid 1 731
11:52:19.445 CONFIG | Expenses bank 2223 with stategy 2
11:52:23.513 CONFIG | Case 5. BID 1802 cost opp 0
11:52:23.513 CONFIG | Ozuna : -----------------
11:52:23.513 CONFIG | Ozuna : Minimum cost is  : 1639 probability: 0.6574609429510335
11:52:23.513 CONFIG | Ozuna : Min cost opponent: 0
11:52:23.513 CONFIG | Ozuna : Final bid is     : 1802
11:52:23.513 CONFIG | Ozuna : Number of tasks  : 4
11:52:23.513 CONFIG | ----- AuctionResult: T3, agent is 1 -----
11:52:23.513 CONFIG | ##### MCPT=831.5199999999999, bidMin=698.4767999999999, bidMax=1361.216, bidInterval=662.7392, MMC=3480.0
11:52:23.513 CONFIG | 
11:52:23.513 CONFIG | ----- AUCTION AGENT 5 ASK PRICE: T4=(Task 4, 3 kg, 41305 CHF, Liverpool -> Norwich) id = 1 -----
11:52:25.008 CONFIG | ##### MCPT=831.5199999999999, bidMin=698.4767999999999, bidMax=1361.216, bidInterval=662.7392, MMC=3480.0
11:52:25.865 CONFIG | MC1=0.0, MC2=1639.5, M1=698.4767999999999, M2=912.7860541224725, bid=805.6314270612362, bidFactor=1.0262884686688913
11:52:25.865 CONFIG | ratioLowerBound=0.84, ratioUpperBound=0.2
11:52:25.865 CONFIG | ----- AUCTION AGENT 5 : BIDDING TASK 4, Bid = 827, in 2352 sec
11:52:25.865 CONFIG | 
11:52:25.866 CONFIG | Bid 0 1802
11:52:25.866 CONFIG | Bid 1 826
11:52:25.866 CONFIG | Expenses bank 2223 with stategy 2
11:52:29.927 CONFIG | Case 5. BID 1265 cost opp 201
11:52:29.927 CONFIG | Ozuna : -----------------
11:52:29.927 CONFIG | Ozuna : Minimum cost is  : 1150 probability: 0.22905252791867947
11:52:29.927 CONFIG | Ozuna : Min cost opponent: 201
11:52:29.927 CONFIG | Ozuna : Final bid is     : 1265
11:52:29.927 CONFIG | Ozuna : Number of tasks  : 5
11:52:29.927 CONFIG | ----- AuctionResult: T4, agent is 1 -----
11:52:29.927 CONFIG | ##### MCPT=831.5199999999999, bidMin=665.2159999999999, bidMax=1493.6399999999999, bidInterval=828.424, MMC=3480.0
11:52:29.927 CONFIG | 
11:52:29.927 CONFIG | ----- AUCTION AGENT 5 ASK PRICE: T5=(Task 5, 3 kg, 85625 CHF, Norwich -> London) id = 1 -----
11:52:31.811 CONFIG | ##### MCPT=819.92, bidMin=655.936, bidMax=1484.94, bidInterval=829.004, MMC=3480.0
11:52:32.776 CONFIG | MC1=0.0, MC2=956.2790697674419, M1=655.936, M2=775.3526093077984, bid=715.6443046538992, bidFactor=1.3768895681764217
11:52:32.776 CONFIG | ratioLowerBound=0.8, ratioUpperBound=0.25
11:52:32.776 CONFIG | ----- AUCTION AGENT 5 : BIDDING TASK 5, Bid = 985, in 2849 sec
11:52:32.776 CONFIG | 
11:52:32.777 CONFIG | Bid 0 1265
11:52:32.777 CONFIG | Bid 1 985
11:52:32.777 CONFIG | Expenses bank 2223 with stategy 3
11:52:36.844 CONFIG | Case 5. BID 1170 cost opp 1150
11:52:36.844 CONFIG | Ozuna : -----------------
11:52:36.844 CONFIG | Ozuna : Minimum cost is  : 1064 probability: 0.5158046016885268
11:52:36.844 CONFIG | Ozuna : Min cost opponent: 1150
11:52:36.844 CONFIG | Ozuna : Final bid is     : 1170
11:52:36.844 CONFIG | Ozuna : Number of tasks  : 6
11:52:36.844 CONFIG | ----- AuctionResult: T5, agent is 1 -----
11:52:36.844 CONFIG | ##### MCPT=819.92, bidMin=623.1392, bidMax=1617.944, bidInterval=994.8048, MMC=3480.0
11:52:36.844 CONFIG | 
11:52:36.844 CONFIG | ----- AUCTION AGENT 5 ASK PRICE: T6=(Task 6, 3 kg, 64503 CHF, Cardiff -> London) id = 1 -----
11:52:39.188 CONFIG | ##### MCPT=803.84, bidMin=610.9184, bidMax=1606.688, bidInterval=995.7696000000001, MMC=3480.0
11:52:40.086 CONFIG | MC1=1150.0, MC2=1064.5, M1=800.0816461328236, M2=779.3829383708147, bid=789.7322922518192, bidFactor=1.4062777249675391
11:52:40.087 CONFIG | ratioLowerBound=0.76, ratioUpperBound=0.30000000000000004
11:52:40.087 CONFIG | ----- AUCTION AGENT 5 : BIDDING TASK 6, Bid = 1111, in 3243 sec
11:52:40.087 CONFIG | 
11:52:40.087 CONFIG | Bid 0 1170
11:52:40.087 CONFIG | Bid 1 1110
11:52:40.087 CONFIG | Expenses bank 2223 with stategy 3
11:52:44.148 CONFIG | Case 4.2 . BID 1294 cost opp 1438 multip 1294.2
11:52:44.148 CONFIG | Ozuna : -----------------
11:52:44.148 CONFIG | Ozuna : Minimum cost is  : 0 probability: 0.3870085577256164
11:52:44.148 CONFIG | Ozuna : Min cost opponent: 1438
11:52:44.148 CONFIG | Ozuna : Final bid is     : 1294
11:52:44.148 CONFIG | Ozuna : Number of tasks  : 7
11:52:44.148 CONFIG | ----- AuctionResult: T6, agent is 1 -----
11:52:44.148 CONFIG | ##### MCPT=803.84, bidMin=578.7648, bidMax=1740.496, bidInterval=1161.7312000000002, MMC=3480.0
11:52:44.148 CONFIG | 
11:52:44.148 CONFIG | ----- AUCTION AGENT 5 ASK PRICE: T7=(Task 7, 3 kg, 68101 CHF, London -> Manchester) id = 1 -----
11:52:46.546 CONFIG | ##### MCPT=747.4399999999999, bidMin=538.1568, bidMax=1703.836, bidInterval=1165.6792, MMC=3480.0
11:52:47.467 CONFIG | MC1=0.0, MC2=1172.8947368421052, M1=538.1568, M2=766.2428569671554, bid=652.1998284835777, bidFactor=1.3341609185589474
11:52:47.467 CONFIG | ratioLowerBound=0.72, ratioUpperBound=0.35000000000000003
11:52:47.467 CONFIG | ----- AUCTION AGENT 5 : BIDDING TASK 7, Bid = 870, in 3319 sec
11:52:47.467 CONFIG | 
11:52:47.468 CONFIG | Bid 0 1294
11:52:47.468 CONFIG | Bid 1 870
11:52:47.468 CONFIG | Expenses bank 2223 with stategy 3
11:52:51.535 CONFIG | Case 5. BID 2692 cost opp 676
11:52:51.535 CONFIG | Ozuna : -----------------
11:52:51.535 CONFIG | Ozuna : Minimum cost is  : 2448 probability: 0.6328387411309062
11:52:51.535 CONFIG | Ozuna : Min cost opponent: 676
11:52:51.535 CONFIG | Ozuna : Final bid is     : 2692
11:52:51.535 CONFIG | Ozuna : Number of tasks  : 8
11:52:51.535 CONFIG | ----- AuctionResult: T7, agent is 1 -----
11:52:51.535 CONFIG | ##### MCPT=747.4399999999999, bidMin=508.2591999999999, bidMax=1840.464, bidInterval=1332.2048, MMC=3480.0
11:52:51.535 CONFIG | 
11:52:51.535 CONFIG | ----- AUCTION AGENT 5 ASK PRICE: T8=(Task 8, 3 kg, 41269 CHF, Plymouth -> Birmingham) id = 1 -----
11:52:53.933 CONFIG | ##### MCPT=747.4399999999999, bidMin=508.2591999999999, bidMax=1840.464, bidInterval=1332.2048, MMC=3480.0
11:52:54.909 CONFIG | MC1=850.0, MC2=2192.0625, M1=669.0756669824517, M2=1174.27039155453, bid=921.6730292684908, bidFactor=1.5044881084708006
11:52:54.909 CONFIG | ratioLowerBound=0.6799999999999999, ratioUpperBound=0.4
11:52:54.909 CONFIG | ----- AUCTION AGENT 5 : BIDDING TASK 8, Bid = 1387, in 3374 sec
11:52:54.909 CONFIG | 
11:52:54.909 CONFIG | Bid 0 2692
11:52:54.909 CONFIG | Bid 1 1386
11:52:54.909 CONFIG | Expenses bank 2223 with stategy 3
11:52:58.973 CONFIG | Case 5. BID 1962 cost opp 850
11:52:58.973 CONFIG | Ozuna : -----------------
11:52:58.973 CONFIG | Ozuna : Minimum cost is  : 1784 probability: 0.05000149195752052
11:52:58.973 CONFIG | Ozuna : Min cost opponent: 850
11:52:58.973 CONFIG | Ozuna : Final bid is     : 1962
11:52:58.973 CONFIG | Ozuna : Number of tasks  : 9
11:52:58.973 CONFIG | ----- AuctionResult: T8, agent is 1 -----
11:52:58.973 CONFIG | ##### MCPT=747.4399999999999, bidMin=478.36159999999995, bidMax=1977.092, bidInterval=1498.7304000000001, MMC=3480.0
11:52:58.973 CONFIG | 
11:52:58.973 CONFIG | ----- AUCTION AGENT 5 ASK PRICE: T9=(Task 9, 3 kg, 75780 CHF, Portsmouth -> Plymouth) id = 1 -----
11:53:01.371 CONFIG | ##### MCPT=837.6800000000001, bidMin=536.1152000000001, bidMax=2026.724, bidInterval=1490.6088, MMC=3480.0
11:53:02.377 CONFIG | MC1=850.0, MC2=1729.281690140845, M1=716.0533302851875, M2=1058.262972461598, bid=887.1581513733928, bidFactor=1.9334795914062342
11:53:02.377 CONFIG | ratioLowerBound=0.64, ratioUpperBound=0.45
11:53:02.377 CONFIG | ----- AUCTION AGENT 5 : BIDDING TASK 9, Bid = 1715, in 3404 sec
11:53:02.377 CONFIG | 
11:53:02.377 CONFIG | Bid 0 1962
11:53:02.377 CONFIG | Bid 1 1715
11:53:02.377 CONFIG | Expenses bank 2223 with stategy 3
11:53:06.443 CONFIG | Case 4.1 . BID 100 cost opp 0
11:53:06.443 CONFIG | Ozuna : -----------------
11:53:06.443 CONFIG | Ozuna : Minimum cost is  : 0 probability: 0.040517206615328746
11:53:06.443 CONFIG | Ozuna : Min cost opponent: 0
11:53:06.443 CONFIG | Ozuna : Final bid is     : 100
11:53:06.443 CONFIG | Ozuna : Number of tasks  : 10
11:53:06.443 CONFIG | ----- AuctionResult: T9, agent is 1 -----
11:53:06.443 CONFIG | ##### MCPT=837.6800000000001, bidMin=502.608, bidMax=2158.84, bidInterval=1656.2320000000002, MMC=3480.0
11:53:06.443 CONFIG | 
11:53:06.443 CONFIG | ----- AUCTION AGENT 5 ASK PRICE: T10=(Task 10, 3 kg, 85625 CHF, Birmingham -> Cardiff) id = 1 -----
11:53:08.841 CONFIG | ##### MCPT=837.1999999999999, bidMin=502.31999999999994, bidMax=2158.6, bidInterval=1656.28, MMC=3480.0
11:53:09.737 CONFIG | MC1=0.0, MC2=0.0, M1=502.31999999999994, M2=502.31999999999994, bid=502.31999999999994, bidFactor=1.6900700811731353
11:53:09.737 CONFIG | ratioLowerBound=0.6, ratioUpperBound=0.5
11:53:09.737 CONFIG | ----- AUCTION AGENT 5 : BIDDING TASK 10, Bid = 849, in 3294 sec
11:53:09.737 CONFIG | 
11:53:09.738 CONFIG | Bid 0 100
11:53:09.738 CONFIG | Bid 1 848
11:53:09.738 CONFIG | got from this -100
11:53:09.738 CONFIG | Expenses bank 2123 with stategy 3
11:53:13.794 CONFIG | Case 5. BID 822 cost opp 0
11:53:13.794 CONFIG | Ozuna : -----------------
11:53:13.794 CONFIG | Ozuna : Minimum cost is  : 748 probability: 0.6684672403970497
11:53:13.794 CONFIG | Ozuna : Min cost opponent: 0
11:53:13.794 CONFIG | Ozuna : Final bid is     : 822
11:53:13.794 CONFIG | Ozuna : Number of tasks  : 11
11:53:13.794 CONFIG | ----- AuctionResult: T10, agent is 1 -----
11:53:13.794 CONFIG | ##### MCPT=837.1999999999999, bidMin=502.31999999999994, bidMax=2158.6, bidInterval=1656.28, MMC=3480.0
11:53:13.794 CONFIG | 
11:53:13.794 CONFIG | ----- AUCTION AGENT 5 ASK PRICE: T11=(Task 11, 3 kg, 55553 CHF, Portsmouth -> Sheffield) id = 1 -----
11:53:16.192 CONFIG | ##### MCPT=835.9999999999999, bidMin=501.5999999999999, bidMax=2158.0, bidInterval=1656.4, MMC=3480.0
11:53:17.998 CONFIG | MC1=0.0, MC2=1528.4176470588236, M1=501.5999999999999, M2=983.7247437019192, bid=742.6623718509595, bidFactor=0.5
11:53:17.998 CONFIG | ratioLowerBound=0.6, ratioUpperBound=0.5
11:53:17.998 CONFIG | ----- AUCTION AGENT 5 : BIDDING TASK 11, Bid = 502, in 4204 sec
11:53:17.998 CONFIG | 
11:53:17.998 CONFIG | Bid 0 822
11:53:17.998 CONFIG | Bid 1 501
11:53:17.998 CONFIG | Expenses bank 2123 with stategy 3
11:53:21.768 CONFIG | Case 4.1 . BID 100 cost opp 0
11:53:21.768 CONFIG | Ozuna : -----------------
11:53:21.768 CONFIG | Ozuna : Minimum cost is  : 0 probability: 0.3870085577256164
11:53:21.768 CONFIG | Ozuna : Min cost opponent: 0
11:53:21.768 CONFIG | Ozuna : Final bid is     : 100
11:53:21.768 CONFIG | Ozuna : Number of tasks  : 12
11:53:21.768 CONFIG | ----- AuctionResult: T11, agent is 1 -----
11:53:21.768 CONFIG | ##### MCPT=835.9999999999999, bidMin=501.5999999999999, bidMax=2158.0, bidInterval=1656.4, MMC=3480.0
11:53:21.768 CONFIG | 
11:53:21.768 CONFIG | ----- AUCTION AGENT 5 ASK PRICE: T12=(Task 12, 3 kg, 68638 CHF, Cardiff -> Manchester) id = 1 -----
11:53:24.166 CONFIG | ##### MCPT=811.52, bidMin=486.912, bidMax=2145.76, bidInterval=1658.8480000000002, MMC=3480.0
11:53:25.946 CONFIG | MC1=0.0, MC2=0.0, M1=486.912, M2=486.912, bid=486.912, bidFactor=0.5952554744525548
11:53:25.946 CONFIG | ratioLowerBound=0.6, ratioUpperBound=0.5
11:53:25.946 CONFIG | ----- AUCTION AGENT 5 : BIDDING TASK 12, Bid = 487, in 4178 sec
11:53:25.946 CONFIG | 
11:53:25.946 CONFIG | Bid 0 100
11:53:25.946 CONFIG | Bid 1 486
11:53:25.947 CONFIG | got from this -100
11:53:25.947 CONFIG | Expenses bank 2023 with stategy 3
11:53:30.002 CONFIG | Case 5. BID 886 cost opp 985
11:53:30.002 CONFIG | Ozuna : -----------------
11:53:30.002 CONFIG | Ozuna : Minimum cost is  : 560 probability: 0.34834983662672975
11:53:30.002 CONFIG | Ozuna : Min cost opponent: 985
11:53:30.002 CONFIG | Ozuna : Final bid is     : 886
11:53:30.002 CONFIG | Ozuna : Number of tasks  : 13
11:53:30.002 CONFIG | ----- AuctionResult: T12, agent is 1 -----
11:53:30.002 CONFIG | ##### MCPT=811.52, bidMin=486.912, bidMax=2145.76, bidInterval=1658.8480000000002, MMC=3480.0
11:53:30.002 CONFIG | 
11:53:30.002 CONFIG | ----- AUCTION AGENT 5 ASK PRICE: T13=(Task 13, 3 kg, 69390 CHF, Newcastle -> Manchester) id = 1 -----
11:53:32.400 CONFIG | ##### MCPT=835.9999999999999, bidMin=501.5999999999999, bidMax=2158.0, bidInterval=1656.4, MMC=3480.0
11:53:34.797 CONFIG | MC1=985.0, MC2=985.0, M1=751.0311572511462, M2=751.0311572511462, bid=751.0311572511462, bidFactor=0.5952554744525548
11:53:34.797 CONFIG | ratioLowerBound=0.6, ratioUpperBound=0.5
11:53:34.797 CONFIG | ----- AUCTION AGENT 5 : BIDDING TASK 13, Bid = 502, in 4795 sec
11:53:34.797 CONFIG | 
11:53:34.797 CONFIG | Bid 0 886
11:53:34.797 CONFIG | Bid 1 501
11:53:34.797 CONFIG | Expenses bank 2023 with stategy 3
11:53:38.851 CONFIG | Case 5. BID 822 cost opp 0
11:53:38.851 CONFIG | Ozuna : -----------------
11:53:38.851 CONFIG | Ozuna : Minimum cost is  : 748 probability: 0.7047032085818178
11:53:38.851 CONFIG | Ozuna : Min cost opponent: 0
11:53:38.851 CONFIG | Ozuna : Final bid is     : 822
11:53:38.851 CONFIG | Ozuna : Number of tasks  : 14
11:53:38.851 CONFIG | ----- AuctionResult: T13, agent is 1 -----
11:53:38.851 CONFIG | ##### MCPT=835.9999999999999, bidMin=501.5999999999999, bidMax=2158.0, bidInterval=1656.4, MMC=3480.0
11:53:38.851 CONFIG | 
11:53:38.851 CONFIG | ----- AUCTION AGENT 5 ASK PRICE: T14=(Task 14, 3 kg, 48501 CHF, Portsmouth -> Liverpool) id = 1 -----
11:53:41.249 CONFIG | ##### MCPT=863.4399999999999, bidMin=518.064, bidMax=2171.72, bidInterval=1653.656, MMC=3480.0
11:53:43.646 CONFIG | MC1=0.0, MC2=1442.2971698113208, M1=518.064, M2=959.2872934322189, bid=738.6756467161094, bidFactor=0.7348650541266416
11:53:43.646 CONFIG | ratioLowerBound=0.6, ratioUpperBound=0.5
11:53:43.646 CONFIG | ----- AUCTION AGENT 5 : BIDDING TASK 14, Bid = 543, in 4795 sec
11:53:43.646 CONFIG | 
11:53:43.646 CONFIG | Bid 0 822
11:53:43.646 CONFIG | Bid 1 542
11:53:43.646 CONFIG | Expenses bank 2023 with stategy 3
11:53:47.701 CONFIG | Case 4.1 . BID 100 cost opp 0
11:53:47.701 CONFIG | Ozuna : -----------------
11:53:47.701 CONFIG | Ozuna : Minimum cost is  : 0 probability: 0.24809335267096078
11:53:47.701 CONFIG | Ozuna : Min cost opponent: 0
11:53:47.701 CONFIG | Ozuna : Final bid is     : 100
11:53:47.701 CONFIG | Ozuna : Number of tasks  : 15
11:53:47.701 CONFIG | ----- AuctionResult: T14, agent is 1 -----
11:53:47.701 CONFIG | ##### MCPT=863.4399999999999, bidMin=518.064, bidMax=2171.72, bidInterval=1653.656, MMC=3480.0
11:53:47.701 CONFIG | 
11:53:47.701 CONFIG | ----- AUCTION AGENT 5 ASK PRICE: T15=(Task 15, 3 kg, 85840 CHF, Sheffield -> Liverpool) id = 1 -----
11:53:50.099 CONFIG | ##### MCPT=863.4399999999999, bidMin=518.064, bidMax=2171.72, bidInterval=1653.656, MMC=3480.0
11:53:52.496 CONFIG | MC1=0.0, MC2=0.0, M1=518.064, M2=518.064, bid=518.064, bidFactor=0.8382110398408019
11:53:52.496 CONFIG | ratioLowerBound=0.6, ratioUpperBound=0.5
11:53:52.496 CONFIG | ----- AUCTION AGENT 5 : BIDDING TASK 15, Bid = 518, in 4795 sec
11:53:52.496 CONFIG | 
11:53:52.496 CONFIG | Bid 0 100
11:53:52.496 CONFIG | Bid 1 518
11:53:52.496 CONFIG | got from this -100
11:53:52.496 CONFIG | Expenses bank 1923 with stategy 3
11:53:56.509 CONFIG | Case 4.1 . BID 100 cost opp 0
11:53:56.509 CONFIG | Ozuna : -----------------
11:53:56.509 CONFIG | Ozuna : Minimum cost is  : 0 probability: 0.2867520737698474
11:53:56.509 CONFIG | Ozuna : Min cost opponent: 0
11:53:56.509 CONFIG | Ozuna : Final bid is     : 100
11:53:56.509 CONFIG | Ozuna : Number of tasks  : 16
11:53:56.509 CONFIG | ----- AuctionResult: T15, agent is 1 -----
11:53:56.510 CONFIG | ##### MCPT=863.4399999999999, bidMin=518.064, bidMax=2171.72, bidInterval=1653.656, MMC=3480.0
11:53:56.510 CONFIG | 
11:53:56.510 CONFIG | ----- AUCTION AGENT 5 ASK PRICE: T16=(Task 16, 3 kg, 85088 CHF, London -> Birmingham) id = 1 -----
11:53:58.908 CONFIG | ##### MCPT=875.16, bidMin=525.096, bidMax=2177.58, bidInterval=1652.484, MMC=3480.0
11:54:01.305 CONFIG | MC1=0.0, MC2=1178.375, M1=525.096, M2=850.7029583653923, bid=687.8994791826962, bidFactor=0.8382110398408019
11:54:01.305 CONFIG | ratioLowerBound=0.6, ratioUpperBound=0.5
11:54:01.305 CONFIG | ----- AUCTION AGENT 5 : BIDDING TASK 16, Bid = 577, in 4795 sec
11:54:01.305 CONFIG | 
11:54:01.305 CONFIG | Bid 0 100
11:54:01.305 CONFIG | Bid 1 576
11:54:01.305 CONFIG | got from this -100
11:54:01.305 CONFIG | Expenses bank 1823 with stategy 3
11:54:04.858 CONFIG | Case 5. BID 2087 cost opp 0
11:54:04.858 CONFIG | Ozuna : -----------------
11:54:04.858 CONFIG | Ozuna : Minimum cost is  : 1898 probability: 0.27045238522541715
11:54:04.858 CONFIG | Ozuna : Min cost opponent: 0
11:54:04.858 CONFIG | Ozuna : Final bid is     : 2087
11:54:04.858 CONFIG | Ozuna : Number of tasks  : 17
11:54:04.858 CONFIG | ----- AuctionResult: T16, agent is 1 -----
11:54:04.858 CONFIG | ##### MCPT=875.16, bidMin=525.096, bidMax=2177.58, bidInterval=1652.484, MMC=3480.0
11:54:04.858 CONFIG | 
11:54:04.858 CONFIG | ----- AUCTION AGENT 5 ASK PRICE: T17=(Task 17, 3 kg, 72236 CHF, Portsmouth -> Norwich) id = 1 -----
11:54:07.256 CONFIG | ##### MCPT=719.52, bidMin=431.712, bidMax=2099.76, bidInterval=1668.0480000000002, MMC=3480.0
11:54:09.653 CONFIG | MC1=0.0, MC2=1355.8385826771653, M1=431.712, M2=837.3621681929367, bid=634.5370840964683, bidFactor=0.8382110398408019
11:54:09.653 CONFIG | ratioLowerBound=0.6, ratioUpperBound=0.5
11:54:09.653 CONFIG | ----- AUCTION AGENT 5 : BIDDING TASK 17, Bid = 532, in 4795 sec
11:54:09.653 CONFIG | 
11:54:09.653 CONFIG | Bid 0 2087
11:54:09.653 CONFIG | Bid 1 531
11:54:09.653 CONFIG | Expenses bank 1823 with stategy 3
11:54:13.365 CONFIG | Case 5. BID 3957 cost opp 748
11:54:13.365 CONFIG | Ozuna : -----------------
11:54:13.365 CONFIG | Ozuna : Minimum cost is  : 3598 probability: 0.3874865246677964
11:54:13.365 CONFIG | Ozuna : Min cost opponent: 748
11:54:13.365 CONFIG | Ozuna : Final bid is     : 3957
11:54:13.365 CONFIG | Ozuna : Number of tasks  : 18
11:54:13.365 CONFIG | ----- AuctionResult: T17, agent is 1 -----
11:54:13.365 CONFIG | ##### MCPT=719.52, bidMin=431.712, bidMax=2099.76, bidInterval=1668.0480000000002, MMC=3480.0
11:54:13.365 CONFIG | 
11:54:13.365 CONFIG | ----- AUCTION AGENT 5 ASK PRICE: T18=(Task 18, 3 kg, 41806 CHF, Plymouth -> Norwich) id = 1 -----
11:54:15.763 CONFIG | ##### MCPT=719.52, bidMin=431.712, bidMax=2099.76, bidInterval=1668.0480000000002, MMC=3480.0
11:54:18.160 CONFIG | MC1=0.0, MC2=1429.0485074626865, M1=431.712, M2=870.6570278436483, bid=651.1845139218242, bidFactor=1.2955119933447488
11:54:18.160 CONFIG | ratioLowerBound=0.6, ratioUpperBound=0.5
11:54:18.160 CONFIG | ----- AUCTION AGENT 5 : BIDDING TASK 18, Bid = 844, in 4795 sec
11:54:18.160 CONFIG | 
11:54:18.160 CONFIG | Bid 0 3957
11:54:18.160 CONFIG | Bid 1 843
11:54:18.160 CONFIG | Expenses bank 1823 with stategy 3
11:54:21.830 CONFIG | Case 4.1 . BID 168 cost opp 0
11:54:21.830 CONFIG | Ozuna : -----------------
11:54:21.830 CONFIG | Ozuna : Minimum cost is  : 0 probability: 0.5988659422118091
11:54:21.830 CONFIG | Ozuna : Min cost opponent: 0
11:54:21.830 CONFIG | Ozuna : Final bid is     : 168
11:54:21.830 CONFIG | Ozuna : Number of tasks  : 19
11:54:21.830 CONFIG | ----- AuctionResult: T18, agent is 1 -----
11:54:21.830 CONFIG | ##### MCPT=719.52, bidMin=431.712, bidMax=2099.76, bidInterval=1668.0480000000002, MMC=3480.0
11:54:21.830 CONFIG | 
11:54:21.830 CONFIG | ----- AUCTION AGENT 5 ASK PRICE: T19=(Task 19, 3 kg, 62087 CHF, Cardiff -> Leeds) id = 1 -----
11:54:24.228 CONFIG | ##### MCPT=686.48, bidMin=411.888, bidMax=2083.24, bidInterval=1671.3519999999999, MMC=3480.0
11:54:26.625 CONFIG | MC1=0.0, MC2=0.0, M1=411.888, M2=411.888, bid=411.888, bidFactor=2.0
11:54:26.625 CONFIG | ratioLowerBound=0.6, ratioUpperBound=0.5
11:54:26.625 CONFIG | ----- AUCTION AGENT 5 : BIDDING TASK 19, Bid = 824, in 4795 sec
11:54:26.625 CONFIG | 
11:54:26.625 CONFIG | Bid 0 168
11:54:26.625 CONFIG | Bid 1 823
11:54:26.625 CONFIG | got from this -168
11:54:26.625 CONFIG | Expenses bank 1655 with stategy 3
11:54:30.679 CONFIG | ----- AuctionResult: T19, agent is 1 -----
11:54:30.679 CONFIG | ##### MCPT=686.48, bidMin=411.888, bidMax=2083.24, bidInterval=1671.3519999999999, MMC=3480.0
11:54:30.679 CONFIG | 
11:54:30.679 CONFIG | 
11:54:30.679 CONFIG | ====================== AUCTION AGENT 5 FINAL PLAN ======================================================================
11:54:35.477 CONFIG | ++++++++++++++++++++++++++++++++++++++++++++++++++++++++++++++++++++++++++++++++++++++++++
11:54:35.477 CONFIG | AUCTION AGENT 5 : number of tasks = 13
11:54:35.477 CONFIG | FINAL DISTANCE = 1716
11:54:35.477 CONFIG | FINAL COST = 8581.0
11:54:35.477 CONFIG | FINAL REWARD = 11431
11:54:35.477 CONFIG | FINAL PROFIT = 2850
11:54:35.477 CONFIG | ++++++++++++++++++++++++++++++++++++++++++++++++++++++++++++++++++++++++++++++++++++++++++
11:54:35.477 CONFIG | ------------------------------------------------------------------------------
11:54:35.477 CONFIG | AUCTION AGENT 5 1 INFORMATIONS :
11:54:35.477 CONFIG | Tasks, T0:0, T1:1, T2:0, T3:1, T4:1, T5:1, T6:1, T7:1, T8:1, T9:1, T10:0, T11:1, T12:0, T13:1, T14:1, T15:0, T16:0, T17:1, T18:1, T19:0
11:54:35.477 CONFIG | last1, T0:2766, T1:3279, T2:4429, T3:4746, T4:4746, T5:4746, T6:5896, T7:5896, T8:6746, T9:7596, T10:7596, T11:7596, T12:7596, T13:8581, T14:8581, T15:8581, T16:8581, T17:8581, T18:8581, T19:8581
11:54:35.477 CONFIG | best1, T0:0, T1:0, T2:3279, T3:3279, T4:4746, T5:4746, T6:4746, T7:5896, T8:5896, T9:6746, T10:7596, T11:7596, T12:7596, T13:7596, T14:8581, T15:8581, T16:8581, T17:8581, T18:8581, T19:8581, T20:8581
11:54:35.477 CONFIG | mc1, T0:2766, T1:3279, T2:1150, T3:1467, T4:0, T5:0, T6:1150, T7:0, T8:850, T9:850, T10:0, T11:0, T12:0, T13:985, T14:0, T15:0, T16:0, T17:0, T18:0, T19:0
11:54:35.477 CONFIG | bid1, T0:831.0, T1:890.0, T2:772.0, T3:731.0, T4:826.0, T5:985.0, T6:1110.0, T7:870.0, T8:1386.0, T9:1715.0, T10:848.0, T11:501.0, T12:486.0, T13:501.0, T14:542.0, T15:518.0, T16:576.0, T17:531.0, T18:843.0, T19:823.0
11:54:35.477 CONFIG | totalReward1, T0:0.0, T1:0.0, T2:890.0, T3:890.0, T4:1621.0, T5:2447.0, T6:3432.0, T7:4542.0, T8:5412.0, T9:6798.0, T10:8513.0, T11:8513.0, T12:9014.0, T13:9014.0, T14:9515.0, T15:10057.0, T16:10057.0, T17:10057.0, T18:10588.0, T19:11431.0, T20:11431.0
11:54:35.477 CONFIG | ##################################################################################
11:54:35.477 CONFIG | mc1, T0:2766, T1:3279, T2:1150, T3:1467, T4:0, T5:0, T6:1150, T7:0, T8:850, T9:850, T10:0, T11:0, T12:0, T13:985, T14:0, T15:0, T16:0, T17:0, T18:0, T19:0
11:54:35.477 CONFIG | mc2, T0:1955, T1:2011, T2:742, T3:1438, T4:1639, T5:956, T6:1064, T7:1172, T8:2192, T9:1729, T10:0, T11:1528, T12:0, T13:985, T14:1442, T15:0, T16:1178, T17:1355, T18:1429, T19:0
11:54:35.477 CONFIG | m1, T0:831, T1:1028, T2:835, T3:867, T4:698, T5:655, T6:800, T7:538, T8:669, T9:716, T10:502, T11:501, T12:486, T13:751, T14:518, T15:518, T16:525, T17:431, T18:431, T19:411
11:54:35.477 CONFIG | m2, T0:831, T1:950, T2:805, T3:863, T4:912, T5:775, T6:779, T7:766, T8:1174, T9:1058, T10:502, T11:983, T12:486, T13:751, T14:959, T15:518, T16:850, T17:837, T18:870, T19:411
11:54:35.478 CONFIG | bid1, T0:831.0, T1:890.0, T2:772.0, T3:731.0, T4:826.0, T5:985.0, T6:1110.0, T7:870.0, T8:1386.0, T9:1715.0, T10:848.0, T11:501.0, T12:486.0, T13:501.0, T14:542.0, T15:518.0, T16:576.0, T17:531.0, T18:843.0, T19:823.0
11:54:35.478 CONFIG | bid2:, T0:433.0, T1:1044.0, T2:277.0, T3:1581.0, T4:1802.0, T5:1265.0, T6:1170.0, T7:1294.0, T8:2692.0, T9:1962.0, T10:100.0, T11:822.0, T12:100.0, T13:886.0, T14:822.0, T15:100.0, T16:100.0, T17:2087.0, T18:3957.0, T19:168.0
11:54:35.478 CONFIG | ratioLowerBound:, T0:1.0, T1:0.96, T2:0.92, T3:0.88, T4:0.84, T5:0.8, T6:0.76, T7:0.72, T8:0.6799999999999999, T9:0.64, T10:0.6, T11:0.6, T12:0.6, T13:0.6, T14:0.6, T15:0.6, T16:0.6, T17:0.6, T18:0.6, T19:0.6, T20:0.6
11:54:35.478 CONFIG | ratioUpperBound:, T0:0.0, T1:0.05, T2:0.1, T3:0.15000000000000002, T4:0.2, T5:0.25, T6:0.30000000000000004, T7:0.35000000000000003, T8:0.4, T9:0.45, T10:0.5, T11:0.5, T12:0.5, T13:0.5, T14:0.5, T15:0.5, T16:0.5, T17:0.5, T18:0.5, T19:0.5, T20:0.5
11:54:35.478 CONFIG | MC1:, T0:2766.0, T1:3279.0, T2:1150.0, T3:1467.0, T4:0.0, T5:0.0, T6:1150.0, T7:0.0, T8:850.0, T9:850.0, T10:0.0, T11:0.0, T12:0.0, T13:985.0, T14:0.0, T15:0.0, T16:0.0, T17:0.0, T18:0.0, T19:0.0
11:54:35.478 CONFIG | MC2:, T0:1955.8333333333333, T1:2011.5, T2:742.5, T3:1438.5, T4:1639.5, T5:956.2790697674419, T6:1064.5, T7:1172.8947368421052, T8:2192.0625, T9:1729.281690140845, T10:0.0, T11:1528.4176470588236, T12:0.0, T13:985.0, T14:1442.2971698113208, T15:0.0, T16:1178.375, T17:1355.8385826771653, T18:1429.0485074626865, T19:0.0
11:54:35.478 CONFIG | M1:, T0:831.5199999999999, T1:1028.529417027897, T2:835.497143169557, T3:867.7818614884306, T4:698.4767999999999, T5:655.936, T6:800.0816461328236, T7:538.1568, T8:669.0756669824517, T9:716.0533302851875, T10:502.31999999999994, T11:501.5999999999999, T12:486.912, T13:751.0311572511462, T14:518.064, T15:518.064, T16:525.096, T17:431.712, T18:431.712, T19:411.888
11:54:35.478 CONFIG | M2:, T0:831.5199999999999, T1:950.1938077858979, T2:805.2208755170778, T3:863.836699167394, T4:912.7860541224725, T5:775.3526093077984, T6:779.3829383708147, T7:766.2428569671554, T8:1174.27039155453, T9:1058.262972461598, T10:502.31999999999994, T11:983.7247437019192, T12:486.912, T13:751.0311572511462, T14:959.2872934322189, T15:518.064, T16:850.7029583653923, T17:837.3621681929367, T18:870.6570278436483, T19:411.888
11:54:35.478 CONFIG | bidFactorTable:, T0:0.9, T1:0.9, T2:0.7672413793103449, T3:0.7672413793103449, T4:1.0262884686688913, T5:1.3768895681764217, T6:1.4062777249675391, T7:1.3341609185589474, T8:1.5044881084708006, T9:1.9334795914062342, T10:1.6900700811731353, T11:0.5, T12:0.5952554744525548, T13:0.5952554744525548, T14:0.7348650541266416, T15:0.8382110398408019, T16:0.8382110398408019, T17:0.8382110398408019, T18:1.2955119933447488, T19:2.0, T20:0.5
11:54:35.478 CONFIG | ##################################################################################
11:54:35.478 CONFIG | ------------------------------------------------------------------------------
11:54:35.478 CONFIG | ------------------------------------------------------------------------------
11:54:35.478 CONFIG | OTHER AGENT 0 INFORMATIONS :
11:54:35.478 CONFIG | Tasks, T0:0, T1:1, T2:0, T3:1, T4:1, T5:1, T6:1, T7:1, T8:1, T9:1, T10:0, T11:1, T12:0, T13:1, T14:1, T15:0, T16:0, T17:1, T18:1, T19:0
11:54:35.478 CONFIG | last2:
11:54:35.479 CONFIG | 0: , T0:2075, T1:3691, T2:2818, T3:4256, T4:4457, T5:5032, T6:3882, T7:3998, T8:4157, T9:4518, T10:2818, T11:4157, T12:2818, T13:3803, T14:4157, T15:2818, T16:3998, T17:5307, T18:5307, T19:3998
11:54:35.479 CONFIG | 1: , T0:2191, T1:4227, T2:2933, T3:4372, T4:4573, T5:4083, T6:3998, T7:2933, T8:5381, T9:4225, T10:2933, T11:3681, T12:2933, T13:3918, T14:3681, T15:2933, T16:2933, T17:4831, T18:6531, T19:2933
11:54:35.479 CONFIG | 2: , T0:1601, T1:3983, T2:2343, T3:3782, T4:3983, T5:2918, T6:3408, T7:3508, T8:5956, T9:4142, T10:2343, T11:4256, T12:2343, T13:3328, T14:4256, T15:2343, T16:3508, T17:5406, T18:7106, T19:3508
11:54:35.479 CONFIG | 
11:54:35.479 CONFIG | best2:
11:54:35.479 CONFIG | 0: , T0:0, T1:2075, T2:2075, T3:2818, T4:2818, T5:2818, T6:2818, T7:2818, T8:2818, T9:2818, T10:2818, T11:2818, T12:2818, T13:2818, T14:2818, T15:2818, T16:2818, T17:3998, T18:3998, T19:3998, T20:3998
11:54:35.479 CONFIG | 1: , T0:0, T1:2191, T2:2191, T3:2933, T4:2933, T5:2933, T6:2933, T7:2933, T8:2933, T9:2933, T10:2933, T11:2933, T12:2933, T13:2933, T14:2933, T15:2933, T16:2933, T17:2933, T18:2933, T19:2933, T20:2933
11:54:35.479 CONFIG | 2: , T0:0, T1:1601, T2:1601, T3:2343, T4:2343, T5:2343, T6:2343, T7:2343, T8:2343, T9:2343, T10:2343, T11:2343, T12:2343, T13:2343, T14:2343, T15:2343, T16:2343, T17:3508, T18:3508, T19:3508, T20:3508
11:54:35.479 CONFIG | 
11:54:35.479 CONFIG | mc2:
11:54:35.479 CONFIG | 0: , T0:2075, T1:1616, T2:742, T3:1438, T4:1639, T5:2214, T6:1064, T7:1180, T8:1339, T9:1700, T10:0, T11:1339, T12:0, T13:985, T14:1339, T15:0, T16:1180, T17:1309, T18:1309, T19:0
11:54:35.479 CONFIG | 1: , T0:2191, T1:2036, T2:742, T3:1438, T4:1639, T5:1150, T6:1064, T7:0, T8:2448, T9:1291, T10:0, T11:748, T12:0, T13:985, T14:748, T15:0, T16:0, T17:1898, T18:3598, T19:0
11:54:35.479 CONFIG | 2: , T0:1601, T1:2382, T2:742, T3:1438, T4:1639, T5:575, T6:1064, T7:1165, T8:3613, T9:1799, T10:0, T11:1913, T12:0, T13:985, T14:1913, T15:0, T16:1165, T17:1898, T18:3598, T19:0
11:54:35.479 CONFIG | 
11:54:35.479 CONFIG | bid2:, T0:433.0, T1:1044.0, T2:277.0, T3:1581.0, T4:1802.0, T5:1265.0, T6:1170.0, T7:1294.0, T8:2692.0, T9:1962.0, T10:100.0, T11:822.0, T12:100.0, T13:886.0, T14:822.0, T15:100.0, T16:100.0, T17:2087.0, T18:3957.0, T19:168.0totalReward2, T0:0.0, T1:433.0, T2:433.0, T3:710.0, T4:710.0, T5:710.0, T6:710.0, T7:710.0, T8:710.0, T9:710.0, T10:710.0, T11:810.0, T12:810.0, T13:910.0, T14:910.0, T15:910.0, T16:1010.0, T17:1110.0, T18:1110.0, T19:1110.0, T20:1278.0
11:54:35.479 CONFIG | 
11:54:35.479 CONFIG | ------------------------------------------------------------------------------
11:54:35.479 CONFIG | 
11:54:35.479 CONFIG | FINAL BIDS AUCTION AGENT 5: 
11:54:35.479 CONFIG |  T0:831.0 T1:890.0 T2:772.0 T3:731.0 T4:826.0 T5:985.0 T6:1110.0 T7:870.0 T8:1386.0 T9:1715.0 T10:848.0 T11:501.0 T12:486.0 T13:501.0 T14:542.0 T15:518.0 T16:576.0 T17:531.0 T18:843.0 T19:823.0
11:54:35.479 CONFIG |  T0:433.0 T1:1044.0 T2:277.0 T3:1581.0 T4:1802.0 T5:1265.0 T6:1170.0 T7:1294.0 T8:2692.0 T9:1962.0 T10:100.0 T11:822.0 T12:100.0 T13:886.0 T14:822.0 T15:100.0 T16:100.0 T17:2087.0 T18:3957.0 T19:168.0
11:54:35.479 CONFIG | 
11:54:35.481 CONFIG | Wrote tournament/myTournament/auction-Oz-AgentBosquillonSomers.xml
11:54:35.852 INFO | LogistPlatform finished successfully!
